<?xml version="1.0" encoding="UTF-8"?>
<?xml-stylesheet type="text/xsl" href="ivy-report.xsl"?>
<ivy-report version="1.0">
	<info
		organisation="org.apache.kafka"
		module="kafka-java-examples"
		revision="0.8.0-beta1"
		conf="test-internal"
		confs="compile, runtime, test, provided, optional, compile-internal, runtime-internal, test-internal, plugin, sources, docs, pom"
		date="20140305174941"/>
	<dependencies>
		<module organisation="org.apache.kafka" name="kafka_2.8.0">
			<revision name="0.8.0-beta1" status="integration" pubdate="20140305174938" resolver="inter-project" artresolver="inter-project" downloaded="false" searched="false" default="false" conf="default(compile), compile" position="1">
				<metadata-artifact status="failed" details="" size="0" time="0" searched="false"/>
				<caller organisation="org.apache.kafka" name="kafka-java-examples" conf="test-internal, test, optional, compile, provided, runtime" rev="0.8.0-beta1" rev-constraint-default="0.8.0-beta1" rev-constraint-dynamic="0.8.0-beta1" callerrev="0.8.0-beta1"/>
				<artifacts>
				</artifacts>
			</revision>
		</module>
		<module organisation="com.yammer.metrics" name="metrics-annotation">
			<revision name="2.2.0" status="release" pubdate="20121127014044" resolver="public" artresolver="public" homepage="" downloaded="false" searched="false" default="false" conf="default(compile), default, compile, runtime, master" position="11">
				<metadata-artifact status="no" details="" size="3993" time="0" location="/home/kavin/.ivy2/cache/com.yammer.metrics/metrics-annotation/ivy-2.2.0.xml" searched="false" origin-is-local="false" origin-location="http://repo1.maven.org/maven2/com/yammer/metrics/metrics-annotation/2.2.0/metrics-annotation-2.2.0.pom"/>
				<caller organisation="org.apache.kafka" name="kafka_2.8.0" conf="compile" rev="2.2.0" rev-constraint-default="2.2.0" rev-constraint-dynamic="2.2.0" callerrev="0.8.0-beta1"/>
				<artifacts>
					<artifact name="metrics-annotation" type="jar" ext="jar" status="no" details="" size="4229" time="0" location="/home/kavin/.ivy2/cache/com.yammer.metrics/metrics-annotation/jars/metrics-annotation-2.2.0.jar">
						<origin-location is-local="false" location="http://repo1.maven.org/maven2/com/yammer/metrics/metrics-annotation/2.2.0/metrics-annotation-2.2.0.jar"/>
					</artifact>
				</artifacts>
			</revision>
		</module>
		<module organisation="com.yammer.metrics" name="metrics-core">
			<revision name="2.2.0" status="release" pubdate="20121127014109" resolver="public" artresolver="public" homepage="" downloaded="false" searched="false" default="false" conf="default(compile), default, compile, runtime, master" position="9">
				<metadata-artifact status="no" details="" size="4064" time="0" location="/home/kavin/.ivy2/cache/com.yammer.metrics/metrics-core/ivy-2.2.0.xml" searched="false" origin-is-local="false" origin-location="http://repo1.maven.org/maven2/com/yammer/metrics/metrics-core/2.2.0/metrics-core-2.2.0.pom"/>
				<caller organisation="org.apache.kafka" name="kafka_2.8.0" conf="compile" rev="2.2.0" rev-constraint-default="2.2.0" rev-constraint-dynamic="2.2.0" callerrev="0.8.0-beta1"/>
				<artifacts>
					<artifact name="metrics-core" type="jar" ext="jar" status="no" details="" size="82123" time="0" location="/home/kavin/.ivy2/cache/com.yammer.metrics/metrics-core/jars/metrics-core-2.2.0.jar">
						<origin-location is-local="false" location="http://repo1.maven.org/maven2/com/yammer/metrics/metrics-core/2.2.0/metrics-core-2.2.0.jar"/>
					</artifact>
				</artifacts>
			</revision>
		</module>
		<module organisation="org.slf4j" name="slf4j-api">
			<revision name="1.7.2" status="release" pubdate="20121012002524" resolver="public" artresolver="public" homepage="http://www.slf4j.org" downloaded="false" searched="false" default="false" conf="compile, master(*), runtime, compile(*), runtime(*), master" position="10">
				<metadata-artifact status="no" details="" size="4469" time="0" location="/home/kavin/.ivy2/cache/org.slf4j/slf4j-api/ivy-1.7.2.xml" searched="false" origin-is-local="false" origin-location="http://repo1.maven.org/maven2/org/slf4j/slf4j-api/1.7.2/slf4j-api-1.7.2.pom"/>
				<caller organisation="com.yammer.metrics" name="metrics-core" conf="default, compile, runtime, master" rev="1.7.2" rev-constraint-default="1.7.2" rev-constraint-dynamic="1.7.2" callerrev="2.2.0"/>
				<caller organisation="org.slf4j" name="slf4j-simple" conf="default, compile, runtime, master" rev="1.6.4" rev-constraint-default="1.6.4" rev-constraint-dynamic="1.6.4" callerrev="1.6.4"/>
				<artifacts>
					<artifact name="slf4j-api" type="jar" ext="jar" status="no" details="" size="26083" time="0" location="/home/kavin/.ivy2/cache/org.slf4j/slf4j-api/jars/slf4j-api-1.7.2.jar">
						<origin-location is-local="false" location="http://repo1.maven.org/maven2/org/slf4j/slf4j-api/1.7.2/slf4j-api-1.7.2.jar"/>
					</artifact>
				</artifacts>
			</revision>
			<revision name="1.6.4" status="release" pubdate="20111101041538" resolver="public" artresolver="public" evicted="latest-revision" evicted-reason="" homepage="http://www.slf4j.org" downloaded="false" searched="false" default="false" conf="compile, master(*), runtime, compile(*), runtime(*), master" position="-1">
				<metadata-artifact status="no" details="" size="4338" time="0" location="/home/kavin/.ivy2/cache/org.slf4j/slf4j-api/ivy-1.6.4.xml" searched="false" origin-is-local="false" origin-location="http://repo1.maven.org/maven2/org/slf4j/slf4j-api/1.6.4/slf4j-api-1.6.4.pom"/>
				<evicted-by rev="1.7.2"/>
				<caller organisation="org.slf4j" name="slf4j-simple" conf="default, compile, runtime, master" rev="1.6.4" rev-constraint-default="1.6.4" rev-constraint-dynamic="1.6.4" callerrev="1.6.4"/>
				<artifacts>
				</artifacts>
			</revision>
		</module>
		<module organisation="org.xerial.snappy" name="snappy-java">
			<revision name="1.0.4.1" status="release" pubdate="20111005070507" resolver="public" artresolver="public" homepage="http://code.google.com/p/snappy-java/" downloaded="false" searched="false" default="false" conf="default(compile), default, compile, runtime, master" position="8">
				<license name="The Apache Software License, Version 2.0" url="http://www.apache.org/licenses/LICENSE-2.0.txt"/>
				<metadata-artifact status="no" details="" size="3387" time="0" location="/home/kavin/.ivy2/cache/org.xerial.snappy/snappy-java/ivy-1.0.4.1.xml" searched="false" origin-is-local="false" origin-location="http://repo1.maven.org/maven2/org/xerial/snappy/snappy-java/1.0.4.1/snappy-java-1.0.4.1.pom"/>
				<caller organisation="org.apache.kafka" name="kafka_2.8.0" conf="compile" rev="1.0.4.1" rev-constraint-default="1.0.4.1" rev-constraint-dynamic="1.0.4.1" callerrev="0.8.0-beta1"/>
				<artifacts>
					<artifact name="snappy-java" type="bundle" ext="jar" status="no" details="" size="995968" time="0" location="/home/kavin/.ivy2/cache/org.xerial.snappy/snappy-java/bundles/snappy-java-1.0.4.1.jar">
						<origin-location is-local="false" location="http://repo1.maven.org/maven2/org/xerial/snappy/snappy-java/1.0.4.1/snappy-java-1.0.4.1.jar"/>
					</artifact>
				</artifacts>
			</revision>
		</module>
		<module organisation="com.101tec" name="zkclient">
			<revision name="0.3" status="release" pubdate="20130529131028" resolver="public" artresolver="public" homepage="https://github.com/sgroschupf/zkclient" downloaded="false" searched="false" default="false" conf="default(compile), default, compile, runtime, master" position="7">
				<license name="The Apache Software License, Version 2.0" url="http://www.apache.org/licenses/LICENSE-2.0.txt"/>
				<metadata-artifact status="no" details="" size="3638" time="0" location="/home/kavin/.ivy2/cache/com.101tec/zkclient/ivy-0.3.xml" searched="false" origin-is-local="false" origin-location="http://repo1.maven.org/maven2/com/101tec/zkclient/0.3/zkclient-0.3.pom"/>
				<caller organisation="org.apache.kafka" name="kafka_2.8.0" conf="compile" rev="0.3" rev-constraint-default="0.3" rev-constraint-dynamic="0.3" callerrev="0.8.0-beta1"/>
				<artifacts>
					<artifact name="zkclient" type="jar" ext="jar" status="no" details="" size="64009" time="0" location="/home/kavin/.ivy2/cache/com.101tec/zkclient/jars/zkclient-0.3.jar">
						<origin-location is-local="false" location="http://repo1.maven.org/maven2/com/101tec/zkclient/0.3/zkclient-0.3.jar"/>
					</artifact>
				</artifacts>
			</revision>
		</module>
		<module organisation="org.scala-lang" name="scala-compiler">
			<revision name="2.8.0" status="release" pubdate="20100714214035" resolver="sbt-chain" artresolver="sbt-chain" homepage="http://www.scala-lang.org/" downloaded="false" searched="false" default="false" conf="default(compile), default, compile, runtime, master" position="6">
				<license name="BSD-like" url="http://www.scala-lang.org/downloads/license.html    "/>
				<metadata-artifact status="no" details="" size="2596" time="0" location="/home/kavin/.ivy2/cache/org.scala-lang/scala-compiler/ivy-2.8.0.xml" searched="false" origin-is-local="false" origin-location="http://repo1.maven.org/maven2/org/scala-lang/scala-compiler/2.8.0/scala-compiler-2.8.0.pom"/>
				<caller organisation="org.apache.kafka" name="kafka_2.8.0" conf="compile" rev="2.8.0" rev-constraint-default="2.8.0" rev-constraint-dynamic="2.8.0" callerrev="0.8.0-beta1"/>
				<artifacts>
				</artifacts>
			</revision>
		</module>
		<module organisation="org.slf4j" name="slf4j-simple">
			<revision name="1.6.4" status="release" pubdate="20111101041548" resolver="public" artresolver="public" homepage="http://www.slf4j.org" downloaded="false" searched="false" default="false" conf="default(compile), default, compile, runtime, master" position="5">
				<metadata-artifact status="no" details="" size="4376" time="0" location="/home/kavin/.ivy2/cache/org.slf4j/slf4j-simple/ivy-1.6.4.xml" searched="false" origin-is-local="false" origin-location="http://repo1.maven.org/maven2/org/slf4j/slf4j-simple/1.6.4/slf4j-simple-1.6.4.pom"/>
				<caller organisation="org.apache.kafka" name="kafka_2.8.0" conf="compile" rev="1.6.4" rev-constraint-default="1.6.4" rev-constraint-dynamic="1.6.4" callerrev="0.8.0-beta1"/>
				<caller organisation="org.apache.kafka" name="kafka-java-examples" conf="test-internal, test, optional, compile, provided, runtime" rev="1.6.4" rev-constraint-default="1.6.4" rev-constraint-dynamic="1.6.4" callerrev="0.8.0-beta1"/>
				<artifacts>
					<artifact name="slf4j-simple" type="jar" ext="jar" status="no" details="" size="7662" time="0" location="/home/kavin/.ivy2/cache/org.slf4j/slf4j-simple/jars/slf4j-simple-1.6.4.jar">
						<origin-location is-local="false" location="http://repo1.maven.org/maven2/org/slf4j/slf4j-simple/1.6.4/slf4j-simple-1.6.4.jar"/>
					</artifact>
				</artifacts>
			</revision>
		</module>
		<module organisation="net.sf.jopt-simple" name="jopt-simple">
			<revision name="3.2" status="release" pubdate="20091208063746" resolver="public" artresolver="public" homepage="http://jopt-simple.sourceforge.net" downloaded="false" searched="false" default="false" conf="default(compile), default, compile, runtime, master" position="4">
				<license name="The MIT License" url="http://www.opensource.org/licenses/mit-license.php"/>
				<metadata-artifact status="no" details="" size="3341" time="0" location="/home/kavin/.ivy2/cache/net.sf.jopt-simple/jopt-simple/ivy-3.2.xml" searched="false" origin-is-local="false" origin-location="http://repo1.maven.org/maven2/net/sf/jopt-simple/jopt-simple/3.2/jopt-simple-3.2.pom"/>
				<caller organisation="org.apache.kafka" name="kafka_2.8.0" conf="compile" rev="3.2" rev-constraint-default="3.2" rev-constraint-dynamic="3.2" callerrev="0.8.0-beta1"/>
				<caller organisation="org.apache.kafka" name="kafka-java-examples" conf="test-internal, test, optional, compile, provided, runtime" rev="3.2" rev-constraint-default="3.2" rev-constraint-dynamic="3.2" callerrev="0.8.0-beta1"/>
				<artifacts>
					<artifact name="jopt-simple" type="jar" ext="jar" status="no" details="" size="53244" time="0" location="/home/kavin/.ivy2/cache/net.sf.jopt-simple/jopt-simple/jars/jopt-simple-3.2.jar">
						<origin-location is-local="false" location="http://repo1.maven.org/maven2/net/sf/jopt-simple/jopt-simple/3.2/jopt-simple-3.2.jar"/>
					</artifact>
				</artifacts>
			</revision>
		</module>
		<module organisation="org.scala-lang" name="scala-library">
			<revision name="2.8.0" status="release" pubdate="20100714214007" resolver="sbt-chain" artresolver="sbt-chain" homepage="http://www.scala-lang.org/" downloaded="false" searched="false" default="false" conf="default(compile), default, compile, master(*), compile(*), runtime, runtime(*), master" position="2">
				<license name="BSD-like" url="http://www.scala-lang.org/downloads/license.html          "/>
				<metadata-artifact status="no" details="" size="2322" time="0" location="/home/kavin/.ivy2/cache/org.scala-lang/scala-library/ivy-2.8.0.xml" searched="false" origin-is-local="false" origin-location="http://repo1.maven.org/maven2/org/scala-lang/scala-library/2.8.0/scala-library-2.8.0.pom"/>
				<caller organisation="org.apache.kafka" name="kafka_2.8.0" conf="compile" rev="2.8.0" rev-constraint-default="2.8.0" rev-constraint-dynamic="2.8.0" callerrev="0.8.0-beta1"/>
				<caller organisation="org.apache.kafka" name="kafka-java-examples" conf="test-internal, test, optional, compile, provided, runtime" rev="2.8.0" rev-constraint-default="2.8.0" rev-constraint-dynamic="2.8.0" callerrev="0.8.0-beta1"/>
				<caller organisation="org.scala-lang" name="scala-compiler" conf="default, compile, runtime, master" rev="2.8.0" rev-constraint-default="2.8.0" rev-constraint-dynamic="2.8.0" callerrev="2.8.0"/>
				<artifacts>
				</artifacts>
			</revision>
		</module>
		<module organisation="org.apache.zookeeper" name="zookeeper">
			<revision name="3.3.4" status="release" pubdate="20111129232744" resolver="public" artresolver="public" homepage="" downloaded="false" searched="false" default="false" conf="default(compile), default, compile, runtime, master, master(*), compile(*), runtime(*)" position="0">
				<metadata-artifact status="no" details="" size="3266" time="0" location="/home/kavin/.ivy2/cache/org.apache.zookeeper/zookeeper/ivy-3.3.4.xml" searched="false" origin-is-local="false" origin-location="http://repo1.maven.org/maven2/org/apache/zookeeper/zookeeper/3.3.4/zookeeper-3.3.4.pom"/>
				<caller organisation="org.apache.kafka" name="kafka_2.8.0" conf="compile" rev="3.3.4" rev-constraint-default="3.3.4" rev-constraint-dynamic="3.3.4" callerrev="0.8.0-beta1"/>
				<caller organisation="com.101tec" name="zkclient" conf="default, compile, runtime, master" rev="3.3.1" rev-constraint-default="3.3.1" rev-constraint-dynamic="3.3.1" callerrev="0.3"/>
				<caller organisation="org.apache.kafka" name="kafka-java-examples" conf="test-internal, test, optional, compile, provided, runtime" rev="3.3.4" rev-constraint-default="3.3.4" rev-constraint-dynamic="3.3.4" callerrev="0.8.0-beta1"/>
				<artifacts>
					<artifact name="zookeeper" type="jar" ext="jar" status="no" details="" size="604182" time="0" location="/home/kavin/.ivy2/cache/org.apache.zookeeper/zookeeper/jars/zookeeper-3.3.4.jar">
						<origin-location is-local="false" location="http://repo1.maven.org/maven2/org/apache/zookeeper/zookeeper/3.3.4/zookeeper-3.3.4.jar"/>
					</artifact>
				</artifacts>
			</revision>
			<revision name="3.3.1" evicted="latest-revision" evicted-reason="" downloaded="false" searched="false" conf="compile, master(*), runtime, compile(*), runtime(*), master" position="-1">
				<evicted-by rev="3.3.4"/>
				<caller organisation="com.101tec" name="zkclient" conf="default, compile, runtime, master" rev="3.3.1" rev-constraint-default="3.3.1" rev-constraint-dynamic="3.3.1" callerrev="0.3"/>
				<artifacts>
				</artifacts>
			</revision>
		</module>
		<module organisation="log4j" name="log4j">
			<revision name="1.2.15" status="release" pubdate="20070830231116" resolver="public" artresolver="public" homepage="http://logging.apache.org:80/log4j/1.2/" downloaded="false" searched="false" default="false" conf="default(compile), default, compile, runtime, master, master(*), compile(*), runtime(*)" position="3">
				<license name="The Apache Software License, Version 2.0" url="http://www.apache.org/licenses/LICENSE-2.0.txt"/>
				<metadata-artifact status="no" details="" size="3525" time="0" location="/home/kavin/.ivy2/cache/log4j/log4j/ivy-1.2.15.xml" searched="false" origin-is-local="false" origin-location="http://repo1.maven.org/maven2/log4j/log4j/1.2.15/log4j-1.2.15.pom"/>
				<caller organisation="org.apache.kafka" name="kafka_2.8.0" conf="compile" rev="1.2.15" rev-constraint-default="1.2.15" rev-constraint-dynamic="1.2.15" callerrev="0.8.0-beta1"/>
				<caller organisation="com.101tec" name="zkclient" conf="default, compile, runtime, master" rev="1.2.14" rev-constraint-default="1.2.14" rev-constraint-dynamic="1.2.14" callerrev="0.3"/>
				<caller organisation="org.apache.kafka" name="kafka-java-examples" conf="test-internal, test, optional, compile, provided, runtime" rev="1.2.15" rev-constraint-default="1.2.15" rev-constraint-dynamic="1.2.15" callerrev="0.8.0-beta1"/>
				<artifacts>
					<artifact name="log4j" type="jar" ext="jar" status="no" details="" size="391834" time="0" location="/home/kavin/.ivy2/cache/log4j/log4j/jars/log4j-1.2.15.jar">
						<origin-location is-local="false" location="http://repo1.maven.org/maven2/log4j/log4j/1.2.15/log4j-1.2.15.jar"/>
					</artifact>
				</artifacts>
			</revision>
			<revision name="1.2.14" evicted="latest-revision" evicted-reason="" downloaded="false" searched="false" conf="compile, master(*), runtime, compile(*), runtime(*), master" position="-1">
				<evicted-by rev="1.2.15"/>
				<caller organisation="com.101tec" name="zkclient" conf="default, compile, runtime, master" rev="1.2.14" rev-constraint-default="1.2.14" rev-constraint-dynamic="1.2.14" callerrev="0.3"/>
				<artifacts>
				</artifacts>
			</revision>
		</module>
	</dependencies>
</ivy-report>
