<?xml version="1.0" encoding="UTF-8"?>
<?xml-stylesheet type="text/xsl" href="ivy-report.xsl"?>
<ivy-report version="1.0">
	<info
		organisation="org.apache.kafka"
		module="hadoop-consumer"
		revision="0.8.0-beta1"
		conf="test"
		confs="compile, runtime, test, provided, optional, compile-internal, runtime-internal, test-internal, plugin, sources, docs, pom"
		date="20140305174942"/>
	<dependencies>
		<module organisation="org.apache.pig" name="pig">
			<revision name="0.8.0" status="release" pubdate="20110119055156" resolver="public" artresolver="public" homepage="" downloaded="false" searched="false" default="false" conf="default(compile), default, compile, runtime, master" position="30">
				<metadata-artifact status="no" details="" size="5022" time="0" location="/home/kavin/.ivy2/cache/org.apache.pig/pig/ivy-0.8.0.xml" searched="false" origin-is-local="false" origin-location="http://repo1.maven.org/maven2/org/apache/pig/pig/0.8.0/pig-0.8.0.pom"/>
				<caller organisation="org.apache.kafka" name="hadoop-consumer" conf="test, compile, runtime" rev="0.8.0" rev-constraint-default="0.8.0" rev-constraint-dynamic="0.8.0" callerrev="0.8.0-beta1"/>
				<artifacts>
					<artifact name="pig" type="jar" ext="jar" status="no" details="" size="2236245" time="0" location="/home/kavin/.ivy2/cache/org.apache.pig/pig/jars/pig-0.8.0.jar">
						<origin-location is-local="false" location="http://repo1.maven.org/maven2/org/apache/pig/pig/0.8.0/pig-0.8.0.jar"/>
					</artifact>
				</artifacts>
			</revision>
		</module>
		<module organisation="org.apache.hadoop" name="avro">
			<revision name="1.3.2" status="release" pubdate="20100326032539" resolver="public" artresolver="public" homepage="" downloaded="false" searched="false" default="false" conf="compile, master(*), runtime, compile(*), runtime(*), master" position="49">
				<metadata-artifact status="no" details="" size="3982" time="0" location="/home/kavin/.ivy2/cache/org.apache.hadoop/avro/ivy-1.3.2.xml" searched="false" origin-is-local="false" origin-location="http://repo1.maven.org/maven2/org/apache/hadoop/avro/1.3.2/avro-1.3.2.pom"/>
				<caller organisation="org.apache.pig" name="pig" conf="default, compile, runtime, master" rev="1.3.2" rev-constraint-default="1.3.2" rev-constraint-dynamic="1.3.2" callerrev="0.8.0"/>
				<artifacts>
					<artifact name="avro" type="jar" ext="jar" status="no" details="" size="339671" time="0" location="/home/kavin/.ivy2/cache/org.apache.hadoop/avro/jars/avro-1.3.2.jar">
						<origin-location is-local="false" location="http://repo1.maven.org/maven2/org/apache/hadoop/avro/1.3.2/avro-1.3.2.jar"/>
					</artifact>
				</artifacts>
			</revision>
		</module>
		<module organisation="commons-codec" name="commons-codec">
			<revision name="1.4" status="release" pubdate="20090810025217" resolver="public" artresolver="public" homepage="http://commons.apache.org/codec/" downloaded="false" searched="false" default="false" conf="compile, master(*), runtime, compile(*), runtime(*), master" position="34">
				<metadata-artifact status="no" details="" size="4984" time="0" location="/home/kavin/.ivy2/cache/commons-codec/commons-codec/ivy-1.4.xml" searched="false" origin-is-local="false" origin-location="http://repo1.maven.org/maven2/commons-codec/commons-codec/1.4/commons-codec-1.4.pom"/>
				<caller organisation="org.apache.pig" name="pig" conf="default, compile, runtime, master" rev="1.4" rev-constraint-default="1.4" rev-constraint-dynamic="1.4" callerrev="0.8.0"/>
				<caller organisation="net.java.dev.jets3t" name="jets3t" conf="compile, runtime" rev="1.3" rev-constraint-default="1.3" rev-constraint-dynamic="1.3" callerrev="0.7.1"/>
				<caller organisation="org.apache.hadoop" name="hadoop-core" conf="default, compile, runtime, master" rev="1.3" rev-constraint-default="1.3" rev-constraint-dynamic="1.3" callerrev="0.20.2"/>
				<caller organisation="commons-httpclient" name="commons-httpclient" conf="compile, runtime" rev="1.2" rev-constraint-default="1.2" rev-constraint-dynamic="1.2" callerrev="3.1"/>
				<artifacts>
					<artifact name="commons-codec" type="jar" ext="jar" status="no" details="" size="58160" time="0" location="/home/kavin/.ivy2/cache/commons-codec/commons-codec/jars/commons-codec-1.4.jar">
						<origin-location is-local="false" location="http://repo1.maven.org/maven2/commons-codec/commons-codec/1.4/commons-codec-1.4.jar"/>
					</artifact>
				</artifacts>
			</revision>
			<revision name="1.3" evicted="latest-revision" evicted-reason="" downloaded="false" searched="false" conf="compile, master(*), runtime, compile(*), runtime(*), master" position="-1">
				<evicted-by rev="1.4"/>
				<caller organisation="net.java.dev.jets3t" name="jets3t" conf="compile, runtime" rev="1.3" rev-constraint-default="1.3" rev-constraint-dynamic="1.3" callerrev="0.7.1"/>
				<caller organisation="org.apache.hadoop" name="hadoop-core" conf="default, compile, runtime, master" rev="1.3" rev-constraint-default="1.3" rev-constraint-dynamic="1.3" callerrev="0.20.2"/>
				<artifacts>
				</artifacts>
			</revision>
			<revision name="1.2" evicted="latest-revision" evicted-reason="" downloaded="false" searched="false" conf="compile, master(*), runtime, compile(*), runtime(*), master" position="-1">
				<evicted-by rev="1.4"/>
				<caller organisation="org.apache.pig" name="pig" conf="default, compile, runtime, master" rev="1.4" rev-constraint-default="1.4" rev-constraint-dynamic="1.4" callerrev="0.8.0"/>
				<caller organisation="commons-httpclient" name="commons-httpclient" conf="compile, runtime" rev="1.2" rev-constraint-default="1.2" rev-constraint-dynamic="1.2" callerrev="3.1"/>
				<artifacts>
				</artifacts>
			</revision>
		</module>
		<module organisation="org.codehaus.jackson" name="jackson-mapper-asl">
			<revision name="1.5.5" status="release" pubdate="20100725042215" resolver="public" artresolver="public" homepage="http://jackson.codehaus.org" downloaded="false" searched="false" default="false" conf="default(compile), default, compile, runtime, master, master(*), compile(*), runtime(*)" position="13">
				<license name="The Apache Software License, Version 2.0" url="http://www.apache.org/licenses/LICENSE-2.0.txt"/>
				<metadata-artifact status="no" details="" size="2653" time="0" location="/home/kavin/.ivy2/cache/org.codehaus.jackson/jackson-mapper-asl/ivy-1.5.5.xml" searched="false" origin-is-local="false" origin-location="http://repo1.maven.org/maven2/org/codehaus/jackson/jackson-mapper-asl/1.5.5/jackson-mapper-asl-1.5.5.pom"/>
				<caller organisation="org.apache.avro" name="avro" conf="default, compile, runtime, master" rev="1.4.2" rev-constraint-default="1.4.2" rev-constraint-dynamic="1.4.2" callerrev="1.4.0"/>
				<caller organisation="org.apache.kafka" name="hadoop-consumer" conf="test, compile, runtime" rev="1.5.5" rev-constraint-default="1.5.5" rev-constraint-dynamic="1.5.5" callerrev="0.8.0-beta1"/>
				<caller organisation="org.apache.hadoop" name="avro" conf="compile, runtime" rev="1.4.2" rev-constraint-default="1.4.2" rev-constraint-dynamic="1.4.2" callerrev="1.3.2"/>
				<artifacts>
					<artifact name="jackson-mapper-asl" type="jar" ext="jar" status="no" details="" size="485699" time="0" location="/home/kavin/.ivy2/cache/org.codehaus.jackson/jackson-mapper-asl/jars/jackson-mapper-asl-1.5.5.jar">
						<origin-location is-local="false" location="http://repo1.maven.org/maven2/org/codehaus/jackson/jackson-mapper-asl/1.5.5/jackson-mapper-asl-1.5.5.jar"/>
					</artifact>
				</artifacts>
			</revision>
			<revision name="1.4.2" evicted="latest-revision" evicted-reason="" downloaded="false" searched="false" conf="compile, master(*), runtime, compile(*), runtime(*), master, default(compile)" position="-1">
				<evicted-by rev="1.5.5"/>
				<caller organisation="org.apache.avro" name="avro" conf="default, compile, runtime, master" rev="1.4.2" rev-constraint-default="1.4.2" rev-constraint-dynamic="1.4.2" callerrev="1.4.0"/>
				<caller organisation="org.apache.kafka" name="hadoop-consumer" conf="test, compile, runtime" rev="1.5.5" rev-constraint-default="1.5.5" rev-constraint-dynamic="1.5.5" callerrev="0.8.0-beta1"/>
				<caller organisation="org.apache.hadoop" name="avro" conf="compile, runtime" rev="1.4.2" rev-constraint-default="1.4.2" rev-constraint-dynamic="1.4.2" callerrev="1.3.2"/>
				<artifacts>
				</artifacts>
			</revision>
		</module>
		<module organisation="org.codehaus.jackson" name="jackson-core-asl">
			<revision name="1.5.5" status="release" pubdate="20100725042200" resolver="public" artresolver="public" homepage="http://jackson.codehaus.org" downloaded="false" searched="false" default="false" conf="default(compile), default, compile, master(*), runtime, compile(*), runtime(*), master" position="14">
				<license name="The Apache Software License, Version 2.0" url="http://www.apache.org/licenses/LICENSE-2.0.txt"/>
				<metadata-artifact status="no" details="" size="2437" time="0" location="/home/kavin/.ivy2/cache/org.codehaus.jackson/jackson-core-asl/ivy-1.5.5.xml" searched="false" origin-is-local="false" origin-location="http://repo1.maven.org/maven2/org/codehaus/jackson/jackson-core-asl/1.5.5/jackson-core-asl-1.5.5.pom"/>
				<caller organisation="org.codehaus.jackson" name="jackson-mapper-asl" conf="compile, runtime" rev="1.5.5" rev-constraint-default="1.5.5" rev-constraint-dynamic="1.5.5" callerrev="1.5.5"/>
				<caller organisation="org.apache.kafka" name="hadoop-consumer" conf="test, compile, runtime" rev="1.5.5" rev-constraint-default="1.5.5" rev-constraint-dynamic="1.5.5" callerrev="0.8.0-beta1"/>
				<artifacts>
					<artifact name="jackson-core-asl" type="jar" ext="jar" status="no" details="" size="171958" time="0" location="/home/kavin/.ivy2/cache/org.codehaus.jackson/jackson-core-asl/jars/jackson-core-asl-1.5.5.jar">
						<origin-location is-local="false" location="http://repo1.maven.org/maven2/org/codehaus/jackson/jackson-core-asl/1.5.5/jackson-core-asl-1.5.5.jar"/>
					</artifact>
				</artifacts>
			</revision>
		</module>
		<module organisation="org.apache.avro" name="avro">
			<revision name="1.4.0" status="release" pubdate="20100903070746" resolver="public" artresolver="public" homepage="" downloaded="false" searched="false" default="false" conf="default(compile), default, compile, runtime, master" position="12">
				<metadata-artifact status="no" details="" size="4512" time="0" location="/home/kavin/.ivy2/cache/org.apache.avro/avro/ivy-1.4.0.xml" searched="false" origin-is-local="false" origin-location="http://repo1.maven.org/maven2/org/apache/avro/avro/1.4.0/avro-1.4.0.pom"/>
				<caller organisation="org.apache.kafka" name="hadoop-consumer" conf="test, compile, runtime" rev="1.4.0" rev-constraint-default="1.4.0" rev-constraint-dynamic="1.4.0" callerrev="0.8.0-beta1"/>
				<artifacts>
					<artifact name="avro" type="jar" ext="jar" status="no" details="" size="568780" time="0" location="/home/kavin/.ivy2/cache/org.apache.avro/avro/jars/avro-1.4.0.jar">
						<origin-location is-local="false" location="http://repo1.maven.org/maven2/org/apache/avro/avro/1.4.0/avro-1.4.0.jar"/>
					</artifact>
				</artifacts>
			</revision>
		</module>
		<module organisation="org.jboss.netty" name="netty">
			<revision name="3.2.1.Final" status="release" pubdate="20100623110131" resolver="public" artresolver="public" homepage="http://www.jboss.org/netty/" downloaded="false" searched="false" default="false" conf="compile, master(*), runtime, compile(*), runtime(*), master" position="29">
				<license name="Apache License, Version 2.0" url="http://www.apache.org/licenses/LICENSE-2.0"/>
				<metadata-artifact status="no" details="" size="9391" time="0" location="/home/kavin/.ivy2/cache/org.jboss.netty/netty/ivy-3.2.1.Final.xml" searched="false" origin-is-local="false" origin-location="http://repo1.maven.org/maven2/org/jboss/netty/netty/3.2.1.Final/netty-3.2.1.Final.pom"/>
				<caller organisation="org.apache.avro" name="avro" conf="default, compile, runtime, master" rev="3.2.1.Final" rev-constraint-default="3.2.1.Final" rev-constraint-dynamic="3.2.1.Final" callerrev="1.4.0"/>
				<artifacts>
					<artifact name="netty" type="bundle" ext="jar" status="no" details="" size="784316" time="0" location="/home/kavin/.ivy2/cache/org.jboss.netty/netty/bundles/netty-3.2.1.Final.jar">
						<origin-location is-local="false" location="http://repo1.maven.org/maven2/org/jboss/netty/netty/3.2.1.Final/netty-3.2.1.Final.jar"/>
					</artifact>
				</artifacts>
			</revision>
		</module>
		<module organisation="org.apache.hadoop" name="hadoop-core">
			<revision name="0.20.2" status="release" pubdate="20100311025343" resolver="public" artresolver="public" homepage="" downloaded="false" searched="false" default="false" conf="default(compile), default, compile, runtime, master" position="50">
				<metadata-artifact status="no" details="" size="4824" time="0" location="/home/kavin/.ivy2/cache/org.apache.hadoop/hadoop-core/ivy-0.20.2.xml" searched="false" origin-is-local="false" origin-location="http://repo1.maven.org/maven2/org/apache/hadoop/hadoop-core/0.20.2/hadoop-core-0.20.2.pom"/>
				<caller organisation="org.apache.kafka" name="hadoop-consumer" conf="test, compile, runtime" rev="0.20.2" rev-constraint-default="0.20.2" rev-constraint-dynamic="0.20.2" callerrev="0.8.0-beta1"/>
				<artifacts>
					<artifact name="hadoop-core" type="jar" ext="jar" status="no" details="" size="2687928" time="0" location="/home/kavin/.ivy2/cache/org.apache.hadoop/hadoop-core/jars/hadoop-core-0.20.2.jar">
						<origin-location is-local="false" location="http://repo1.maven.org/maven2/org/apache/hadoop/hadoop-core/0.20.2/hadoop-core-0.20.2.jar"/>
					</artifact>
				</artifacts>
			</revision>
		</module>
		<module organisation="hsqldb" name="hsqldb">
			<revision name="1.8.0.10" status="release" pubdate="20090520025027" resolver="public" artresolver="public" homepage="http://hsqldb.org/" downloaded="false" searched="false" default="false" conf="compile, master(*), runtime, compile(*), runtime(*), master" position="48">
				<license name="HSQLDB License" url="http://hsqldb.org/web/hsqlLicense.html"/>
				<metadata-artifact status="no" details="" size="2340" time="0" location="/home/kavin/.ivy2/cache/hsqldb/hsqldb/ivy-1.8.0.10.xml" searched="false" origin-is-local="false" origin-location="http://repo1.maven.org/maven2/hsqldb/hsqldb/1.8.0.10/hsqldb-1.8.0.10.pom"/>
				<caller organisation="org.apache.pig" name="pig" conf="default, compile, runtime, master" rev="1.8.0.10" rev-constraint-default="1.8.0.10" rev-constraint-dynamic="1.8.0.10" callerrev="0.8.0"/>
				<caller organisation="org.apache.hadoop" name="hadoop-core" conf="default, compile, runtime, master" rev="1.8.0.10" rev-constraint-default="1.8.0.10" rev-constraint-dynamic="1.8.0.10" callerrev="0.20.2"/>
				<artifacts>
					<artifact name="hsqldb" type="jar" ext="jar" status="no" details="" size="706710" time="0" location="/home/kavin/.ivy2/cache/hsqldb/hsqldb/jars/hsqldb-1.8.0.10.jar">
						<origin-location is-local="false" location="http://repo1.maven.org/maven2/hsqldb/hsqldb/1.8.0.10/hsqldb-1.8.0.10.jar"/>
					</artifact>
				</artifacts>
			</revision>
		</module>
		<module organisation="net.sf.kosmosfs" name="kfs">
			<revision name="0.3" status="release" pubdate="20090520025051" resolver="public" artresolver="public" homepage="http://kosmosfs.sourceforge.net/" downloaded="false" searched="false" default="false" conf="compile, master(*), runtime, compile(*), runtime(*), master" position="46">
				<license name="The Apache Software License, Version 2.0" url="http://www.apache.org/licenses/LICENSE-2.0.txt"/>
				<metadata-artifact status="no" details="" size="2445" time="0" location="/home/kavin/.ivy2/cache/net.sf.kosmosfs/kfs/ivy-0.3.xml" searched="false" origin-is-local="false" origin-location="http://repo1.maven.org/maven2/net/sf/kosmosfs/kfs/0.3/kfs-0.3.pom"/>
				<caller organisation="org.apache.pig" name="pig" conf="default, compile, runtime, master" rev="0.3" rev-constraint-default="0.3" rev-constraint-dynamic="0.3" callerrev="0.8.0"/>
				<caller organisation="org.apache.hadoop" name="hadoop-core" conf="default, compile, runtime, master" rev="0.3" rev-constraint-default="0.3" rev-constraint-dynamic="0.3" callerrev="0.20.2"/>
				<artifacts>
					<artifact name="kfs" type="jar" ext="jar" status="no" details="" size="11981" time="0" location="/home/kavin/.ivy2/cache/net.sf.kosmosfs/kfs/jars/kfs-0.3.jar">
						<origin-location is-local="false" location="http://repo1.maven.org/maven2/net/sf/kosmosfs/kfs/0.3/kfs-0.3.jar"/>
					</artifact>
				</artifacts>
			</revision>
		</module>
		<module organisation="net.java.dev.jets3t" name="jets3t">
			<revision name="0.7.1" status="release" pubdate="20090510105320" resolver="public" artresolver="public" homepage="http://jets3t.s3.amazonaws.com/index.html" downloaded="false" searched="false" default="false" conf="compile, master(*), runtime, compile(*), runtime(*), master" position="44">
				<license name="Apache License, Version 2.0" url="http://www.apache.org/licenses/LICENSE-2.0"/>
				<metadata-artifact status="no" details="" size="3056" time="0" location="/home/kavin/.ivy2/cache/net.java.dev.jets3t/jets3t/ivy-0.7.1.xml" searched="false" origin-is-local="false" origin-location="http://repo1.maven.org/maven2/net/java/dev/jets3t/jets3t/0.7.1/jets3t-0.7.1.pom"/>
				<caller organisation="org.apache.pig" name="pig" conf="default, compile, runtime, master" rev="0.7.1" rev-constraint-default="0.7.1" rev-constraint-dynamic="0.7.1" callerrev="0.8.0"/>
				<caller organisation="org.apache.hadoop" name="hadoop-core" conf="default, compile, runtime, master" rev="0.7.1" rev-constraint-default="0.7.1" rev-constraint-dynamic="0.7.1" callerrev="0.20.2"/>
				<artifacts>
					<artifact name="jets3t" type="jar" ext="jar" status="no" details="" size="377780" time="0" location="/home/kavin/.ivy2/cache/net.java.dev.jets3t/jets3t/jars/jets3t-0.7.1.jar">
						<origin-location is-local="false" location="http://repo1.maven.org/maven2/net/java/dev/jets3t/jets3t/0.7.1/jets3t-0.7.1.jar"/>
					</artifact>
				</artifacts>
			</revision>
		</module>
		<module organisation="commons-httpclient" name="commons-httpclient">
			<revision name="3.1" status="release" pubdate="20070821191407" resolver="sbt-chain" artresolver="sbt-chain" homepage="http://jakarta.apache.org/httpcomponents/httpclient-3.x/" downloaded="false" searched="false" default="false" conf="compile, master(*), runtime, compile(*), runtime(*), master" position="33">
				<license name="Apache License" url="http://www.apache.org/licenses/LICENSE-2.0"/>
				<metadata-artifact status="no" details="" size="3153" time="0" location="/home/kavin/.ivy2/cache/commons-httpclient/commons-httpclient/ivy-3.1.xml" searched="false" origin-is-local="false" origin-location="http://repo1.maven.org/maven2/commons-httpclient/commons-httpclient/3.1/commons-httpclient-3.1.pom"/>
				<caller organisation="org.apache.pig" name="pig" conf="default, compile, runtime, master" rev="3.1" rev-constraint-default="3.1" rev-constraint-dynamic="3.1" callerrev="0.8.0"/>
				<caller organisation="net.java.dev.jets3t" name="jets3t" conf="compile, runtime" rev="3.1" rev-constraint-default="3.1" rev-constraint-dynamic="3.1" callerrev="0.7.1"/>
				<caller organisation="org.apache.hadoop" name="hadoop-core" conf="default, compile, runtime, master" rev="3.0.1" rev-constraint-default="3.0.1" rev-constraint-dynamic="3.0.1" callerrev="0.20.2"/>
				<artifacts>
					<artifact name="commons-httpclient" type="jar" ext="jar" status="no" details="" size="305001" time="0" location="/home/kavin/.ivy2/cache/commons-httpclient/commons-httpclient/jars/commons-httpclient-3.1.jar">
						<origin-location is-local="false" location="http://repo1.maven.org/maven2/commons-httpclient/commons-httpclient/3.1/commons-httpclient-3.1.jar"/>
					</artifact>
				</artifacts>
			</revision>
			<revision name="3.0.1" evicted="latest-revision" evicted-reason="" downloaded="false" searched="false" conf="compile, master(*), runtime, compile(*), runtime(*), master" position="-1">
				<evicted-by rev="3.1"/>
				<caller organisation="org.apache.hadoop" name="hadoop-core" conf="default, compile, runtime, master" rev="3.0.1" rev-constraint-default="3.0.1" rev-constraint-dynamic="3.0.1" callerrev="0.20.2"/>
				<artifacts>
				</artifacts>
			</revision>
		</module>
		<module organisation="commons-logging" name="commons-logging">
			<revision name="1.0.4" status="release" pubdate="20051109034641" resolver="sbt-chain" artresolver="sbt-chain" evicted="latest-revision" evicted-reason="" homepage="http://jakarta.apache.org/commons/logging/" downloaded="false" searched="false" default="false" conf="default(compile), default, compile, master(*), runtime, compile(*), runtime(*), master" position="-1">
				<license name="The Apache Software License, Version 2.0" url="/LICENSE.txt"/>
				<metadata-artifact status="no" details="" size="2991" time="0" location="/home/kavin/.ivy2/cache/commons-logging/commons-logging/ivy-1.0.4.xml" searched="false" origin-is-local="false" origin-location="http://repo1.maven.org/maven2/commons-logging/commons-logging/1.0.4/commons-logging-1.0.4.pom"/>
				<evicted-by rev="1.1.1"/>
				<caller organisation="commons-el" name="commons-el" conf="compile, runtime" rev="1.0.3" rev-constraint-default="1.0.3" rev-constraint-dynamic="1.0.3" callerrev="1.0"/>
				<caller organisation="org.apache.kafka" name="hadoop-consumer" conf="test, compile, runtime" rev="1.0.4" rev-constraint-default="1.0.4" rev-constraint-dynamic="1.0.4" callerrev="0.8.0-beta1"/>
				<caller organisation="commons-httpclient" name="commons-httpclient" conf="compile, runtime" rev="1.0.4" rev-constraint-default="1.0.4" rev-constraint-dynamic="1.0.4" callerrev="3.1"/>
				<artifacts>
				</artifacts>
			</revision>
			<revision name="1.1.1" status="release" pubdate="20071127015410" resolver="public" artresolver="public" homepage="http://commons.apache.org/logging" downloaded="false" searched="false" default="false" conf="compile, master(*), runtime, compile(*), runtime(*), master, default(compile)" position="45">
				<metadata-artifact status="no" details="" size="3941" time="0" location="/home/kavin/.ivy2/cache/commons-logging/commons-logging/ivy-1.1.1.xml" searched="false" origin-is-local="false" origin-location="http://repo1.maven.org/maven2/commons-logging/commons-logging/1.1.1/commons-logging-1.1.1.pom"/>
				<caller organisation="commons-el" name="commons-el" conf="compile, runtime" rev="1.0.3" rev-constraint-default="1.0.3" rev-constraint-dynamic="1.0.3" callerrev="1.0"/>
				<caller organisation="org.apache.kafka" name="hadoop-consumer" conf="test, compile, runtime" rev="1.0.4" rev-constraint-default="1.0.4" rev-constraint-dynamic="1.0.4" callerrev="0.8.0-beta1"/>
				<caller organisation="net.java.dev.jets3t" name="jets3t" conf="compile, runtime" rev="1.1.1" rev-constraint-default="1.1.1" rev-constraint-dynamic="1.1.1" callerrev="0.7.1"/>
				<caller organisation="commons-httpclient" name="commons-httpclient" conf="compile, runtime" rev="1.0.4" rev-constraint-default="1.0.4" rev-constraint-dynamic="1.0.4" callerrev="3.1"/>
				<artifacts>
					<artifact name="commons-logging" type="jar" ext="jar" status="no" details="" size="60686" time="0" location="/home/kavin/.ivy2/cache/commons-logging/commons-logging/jars/commons-logging-1.1.1.jar">
						<origin-location is-local="false" location="http://repo1.maven.org/maven2/commons-logging/commons-logging/1.1.1/commons-logging-1.1.1.jar"/>
					</artifact>
				</artifacts>
			</revision>
			<revision name="1.0.3" evicted="latest-revision" evicted-reason="" downloaded="false" searched="false" conf="compile, master(*), runtime, compile(*), runtime(*), master" position="-1">
				<evicted-by rev="1.1.1"/>
				<caller organisation="commons-el" name="commons-el" conf="compile, runtime" rev="1.0.3" rev-constraint-default="1.0.3" rev-constraint-dynamic="1.0.3" callerrev="1.0"/>
				<artifacts>
				</artifacts>
			</revision>
		</module>
		<module organisation="commons-el" name="commons-el">
			<revision name="1.0" status="release" pubdate="20051109035050" resolver="public" artresolver="public" homepage="http://jakarta.apache.org/commons/el/" downloaded="false" searched="false" default="false" conf="compile, master(*), runtime, compile(*), runtime(*), master" position="43">
				<license name="The Apache Software License, Version 2.0" url="/LICENSE.txt"/>
				<metadata-artifact status="no" details="" size="2907" time="0" location="/home/kavin/.ivy2/cache/commons-el/commons-el/ivy-1.0.xml" searched="false" origin-is-local="false" origin-location="http://repo1.maven.org/maven2/commons-el/commons-el/1.0/commons-el-1.0.pom"/>
				<caller organisation="org.apache.pig" name="pig" conf="default, compile, runtime, master" rev="1.0" rev-constraint-default="1.0" rev-constraint-dynamic="1.0" callerrev="0.8.0"/>
				<caller organisation="org.apache.hadoop" name="hadoop-core" conf="default, compile, runtime, master" rev="1.0" rev-constraint-default="1.0" rev-constraint-dynamic="1.0" callerrev="0.20.2"/>
				<artifacts>
					<artifact name="commons-el" type="jar" ext="jar" status="no" details="" size="112341" time="0" location="/home/kavin/.ivy2/cache/commons-el/commons-el/jars/commons-el-1.0.jar">
						<origin-location is-local="false" location="http://repo1.maven.org/maven2/commons-el/commons-el/1.0/commons-el-1.0.jar"/>
					</artifact>
				</artifacts>
			</revision>
		</module>
		<module organisation="org.mortbay.jetty" name="jsp-2.1">
			<revision name="6.1.14" status="release" pubdate="20081114062031" resolver="public" artresolver="public" homepage="" downloaded="false" searched="false" default="false" conf="compile, master(*), runtime, compile(*), runtime(*), master" position="40">
				<license name="CDDL 1.0" url="https://glassfish.dev.java.net/public/CDDLv1.0.html"/>
				<metadata-artifact status="no" details="" size="6744" time="0" location="/home/kavin/.ivy2/cache/org.mortbay.jetty/jsp-2.1/ivy-6.1.14.xml" searched="false" origin-is-local="false" origin-location="http://repo1.maven.org/maven2/org/mortbay/jetty/jsp-2.1/6.1.14/jsp-2.1-6.1.14.pom"/>
				<caller organisation="org.apache.pig" name="pig" conf="default, compile, runtime, master" rev="6.1.14" rev-constraint-default="6.1.14" rev-constraint-dynamic="6.1.14" callerrev="0.8.0"/>
				<caller organisation="org.apache.hadoop" name="hadoop-core" conf="default, compile, runtime, master" rev="6.1.14" rev-constraint-default="6.1.14" rev-constraint-dynamic="6.1.14" callerrev="0.20.2"/>
				<artifacts>
					<artifact name="jsp-2.1" type="jar" ext="jar" status="no" details="" size="1024680" time="0" location="/home/kavin/.ivy2/cache/org.mortbay.jetty/jsp-2.1/jars/jsp-2.1-6.1.14.jar">
						<origin-location is-local="false" location="http://repo1.maven.org/maven2/org/mortbay/jetty/jsp-2.1/6.1.14/jsp-2.1-6.1.14.jar"/>
					</artifact>
				</artifacts>
			</revision>
		</module>
		<module organisation="ant" name="ant">
			<revision name="1.6.5" status="release" pubdate="20101015181825" resolver="public" artresolver="public" homepage="" downloaded="false" searched="false" default="false" conf="compile, master(*), runtime, compile(*), runtime(*), master" position="42">
				<metadata-artifact status="no" details="" size="2540" time="0" location="/home/kavin/.ivy2/cache/ant/ant/ivy-1.6.5.xml" searched="false" origin-is-local="false" origin-location="http://repo1.maven.org/maven2/ant/ant/1.6.5/ant-1.6.5.pom"/>
				<caller organisation="org.mortbay.jetty" name="jsp-2.1" conf="compile, runtime" rev="1.6.5" rev-constraint-default="1.6.5" rev-constraint-dynamic="1.6.5" callerrev="6.1.14"/>
				<artifacts>
					<artifact name="ant" type="jar" ext="jar" status="no" details="" size="1034049" time="0" location="/home/kavin/.ivy2/cache/ant/ant/jars/ant-1.6.5.jar">
						<origin-location is-local="false" location="http://repo1.maven.org/maven2/ant/ant/1.6.5/ant-1.6.5.jar"/>
					</artifact>
				</artifacts>
			</revision>
		</module>
		<module organisation="org.eclipse.jdt" name="core">
			<revision name="3.1.1" status="release" pubdate="20060831230226" resolver="public" artresolver="public" homepage="http://www.eclipse.org/jdt/" downloaded="false" searched="false" default="false" conf="compile, master(*), runtime, compile(*), runtime(*), master" position="41">
				<license name="Eclipse Public License v1.0" url="http://www.eclipse.org/org/documents/epl-v10.php"/>
				<metadata-artifact status="no" details="" size="2315" time="0" location="/home/kavin/.ivy2/cache/org.eclipse.jdt/core/ivy-3.1.1.xml" searched="false" origin-is-local="false" origin-location="http://repo1.maven.org/maven2/org/eclipse/jdt/core/3.1.1/core-3.1.1.pom"/>
				<caller organisation="org.apache.hadoop" name="hadoop-core" conf="default, compile, runtime, master" rev="3.1.1" rev-constraint-default="3.1.1" rev-constraint-dynamic="3.1.1" callerrev="0.20.2"/>
				<caller organisation="org.mortbay.jetty" name="jsp-2.1" conf="compile, runtime" rev="3.1.1" rev-constraint-default="3.1.1" rev-constraint-dynamic="3.1.1" callerrev="6.1.14"/>
				<artifacts>
					<artifact name="core" type="jar" ext="jar" status="no" details="" size="3566844" time="0" location="/home/kavin/.ivy2/cache/org.eclipse.jdt/core/jars/core-3.1.1.jar">
						<origin-location is-local="false" location="http://repo1.maven.org/maven2/org/eclipse/jdt/core/3.1.1/core-3.1.1.jar"/>
					</artifact>
				</artifacts>
			</revision>
		</module>
		<module organisation="org.mortbay.jetty" name="jsp-api-2.1">
			<revision name="6.1.14" status="release" pubdate="20081114062002" resolver="public" artresolver="public" homepage="" downloaded="false" searched="false" default="false" conf="compile, master(*), runtime, compile(*), runtime(*), master" position="38">
				<metadata-artifact status="no" details="" size="5951" time="0" location="/home/kavin/.ivy2/cache/org.mortbay.jetty/jsp-api-2.1/ivy-6.1.14.xml" searched="false" origin-is-local="false" origin-location="http://repo1.maven.org/maven2/org/mortbay/jetty/jsp-api-2.1/6.1.14/jsp-api-2.1-6.1.14.pom"/>
				<caller organisation="org.apache.pig" name="pig" conf="default, compile, runtime, master" rev="6.1.14" rev-constraint-default="6.1.14" rev-constraint-dynamic="6.1.14" callerrev="0.8.0"/>
				<caller organisation="org.apache.hadoop" name="hadoop-core" conf="default, compile, runtime, master" rev="6.1.14" rev-constraint-default="6.1.14" rev-constraint-dynamic="6.1.14" callerrev="0.20.2"/>
				<caller organisation="org.mortbay.jetty" name="jsp-2.1" conf="compile, runtime" rev="6.1.14" rev-constraint-default="6.1.14" rev-constraint-dynamic="6.1.14" callerrev="6.1.14"/>
				<artifacts>
					<artifact name="jsp-api-2.1" type="jar" ext="jar" status="no" details="" size="134910" time="0" location="/home/kavin/.ivy2/cache/org.mortbay.jetty/jsp-api-2.1/jars/jsp-api-2.1-6.1.14.jar">
						<origin-location is-local="false" location="http://repo1.maven.org/maven2/org/mortbay/jetty/jsp-api-2.1/6.1.14/jsp-api-2.1-6.1.14.jar"/>
					</artifact>
				</artifacts>
			</revision>
		</module>
		<module organisation="org.mortbay.jetty" name="servlet-api-2.5">
			<revision name="6.1.14" status="release" pubdate="20081114061905" resolver="public" artresolver="public" homepage="" downloaded="false" searched="false" default="false" conf="compile, master(*), runtime, compile(*), runtime(*), master" position="39">
				<license name="CDDL 1.0" url="https://glassfish.dev.java.net/public/CDDLv1.0.html"/>
				<metadata-artifact status="no" details="" size="5157" time="0" location="/home/kavin/.ivy2/cache/org.mortbay.jetty/servlet-api-2.5/ivy-6.1.14.xml" searched="false" origin-is-local="false" origin-location="http://repo1.maven.org/maven2/org/mortbay/jetty/servlet-api-2.5/6.1.14/servlet-api-2.5-6.1.14.pom"/>
				<caller organisation="org.mortbay.jetty" name="jsp-api-2.1" conf="compile, runtime" rev="6.1.14" rev-constraint-default="6.1.14" rev-constraint-dynamic="6.1.14" callerrev="6.1.14"/>
				<caller organisation="org.apache.pig" name="pig" conf="default, compile, runtime, master" rev="6.1.14" rev-constraint-default="6.1.14" rev-constraint-dynamic="6.1.14" callerrev="0.8.0"/>
				<caller organisation="org.apache.hadoop" name="hadoop-core" conf="default, compile, runtime, master" rev="6.1.14" rev-constraint-default="6.1.14" rev-constraint-dynamic="6.1.14" callerrev="0.20.2"/>
				<artifacts>
					<artifact name="servlet-api-2.5" type="jar" ext="jar" status="no" details="" size="132368" time="0" location="/home/kavin/.ivy2/cache/org.mortbay.jetty/servlet-api-2.5/jars/servlet-api-2.5-6.1.14.jar">
						<origin-location is-local="false" location="http://repo1.maven.org/maven2/org/mortbay/jetty/servlet-api-2.5/6.1.14/servlet-api-2.5-6.1.14.jar"/>
					</artifact>
				</artifacts>
			</revision>
		</module>
		<module organisation="tomcat" name="jasper-compiler">
			<revision name="5.5.12" status="release" pubdate="20051114070108" resolver="public" artresolver="public" homepage="" downloaded="false" searched="false" default="false" conf="compile, master(*), runtime, compile(*), runtime(*), master" position="37">
				<metadata-artifact status="no" details="" size="2198" time="0" location="/home/kavin/.ivy2/cache/tomcat/jasper-compiler/ivy-5.5.12.xml" searched="false" origin-is-local="false" origin-location="http://repo1.maven.org/maven2/tomcat/jasper-compiler/5.5.12/jasper-compiler-5.5.12.pom"/>
				<caller organisation="org.apache.pig" name="pig" conf="default, compile, runtime, master" rev="5.5.12" rev-constraint-default="5.5.12" rev-constraint-dynamic="5.5.12" callerrev="0.8.0"/>
				<caller organisation="org.apache.hadoop" name="hadoop-core" conf="default, compile, runtime, master" rev="5.5.12" rev-constraint-default="5.5.12" rev-constraint-dynamic="5.5.12" callerrev="0.20.2"/>
				<artifacts>
					<artifact name="jasper-compiler" type="jar" ext="jar" status="no" details="" size="405086" time="0" location="/home/kavin/.ivy2/cache/tomcat/jasper-compiler/jars/jasper-compiler-5.5.12.jar">
						<origin-location is-local="false" location="http://repo1.maven.org/maven2/tomcat/jasper-compiler/5.5.12/jasper-compiler-5.5.12.jar"/>
					</artifact>
				</artifacts>
			</revision>
		</module>
		<module organisation="tomcat" name="jasper-runtime">
			<revision name="5.5.12" status="release" pubdate="20051114070108" resolver="public" artresolver="public" homepage="" downloaded="false" searched="false" default="false" conf="compile, master(*), runtime, compile(*), runtime(*), master" position="36">
				<metadata-artifact status="no" details="" size="2196" time="0" location="/home/kavin/.ivy2/cache/tomcat/jasper-runtime/ivy-5.5.12.xml" searched="false" origin-is-local="false" origin-location="http://repo1.maven.org/maven2/tomcat/jasper-runtime/5.5.12/jasper-runtime-5.5.12.pom"/>
				<caller organisation="org.apache.pig" name="pig" conf="default, compile, runtime, master" rev="5.5.12" rev-constraint-default="5.5.12" rev-constraint-dynamic="5.5.12" callerrev="0.8.0"/>
				<caller organisation="org.apache.hadoop" name="hadoop-core" conf="default, compile, runtime, master" rev="5.5.12" rev-constraint-default="5.5.12" rev-constraint-dynamic="5.5.12" callerrev="0.20.2"/>
				<artifacts>
					<artifact name="jasper-runtime" type="jar" ext="jar" status="no" details="" size="76698" time="0" location="/home/kavin/.ivy2/cache/tomcat/jasper-runtime/jars/jasper-runtime-5.5.12.jar">
						<origin-location is-local="false" location="http://repo1.maven.org/maven2/tomcat/jasper-runtime/5.5.12/jasper-runtime-5.5.12.jar"/>
					</artifact>
				</artifacts>
			</revision>
		</module>
		<module organisation="commons-net" name="commons-net">
			<revision name="1.4.1" status="release" pubdate="20051221175333" resolver="public" artresolver="public" homepage="http://jakarta.apache.org/commons/${pom.artifactId.substring(8)}/" downloaded="false" searched="false" default="false" conf="compile, master(*), runtime, compile(*), runtime(*), master" position="35">
				<license name="The Apache Software License, Version 2.0" url="/LICENSE.txt"/>
				<metadata-artifact status="no" details="" size="2585" time="0" location="/home/kavin/.ivy2/cache/commons-net/commons-net/ivy-1.4.1.xml" searched="false" origin-is-local="false" origin-location="http://repo1.maven.org/maven2/commons-net/commons-net/1.4.1/commons-net-1.4.1.pom"/>
				<caller organisation="org.apache.pig" name="pig" conf="default, compile, runtime, master" rev="1.4.1" rev-constraint-default="1.4.1" rev-constraint-dynamic="1.4.1" callerrev="0.8.0"/>
				<caller organisation="org.apache.hadoop" name="hadoop-core" conf="default, compile, runtime, master" rev="1.4.1" rev-constraint-default="1.4.1" rev-constraint-dynamic="1.4.1" callerrev="0.20.2"/>
				<artifacts>
					<artifact name="commons-net" type="jar" ext="jar" status="no" details="" size="180792" time="0" location="/home/kavin/.ivy2/cache/commons-net/commons-net/jars/commons-net-1.4.1.jar">
						<origin-location is-local="false" location="http://repo1.maven.org/maven2/commons-net/commons-net/1.4.1/commons-net-1.4.1.jar"/>
					</artifact>
				</artifacts>
			</revision>
		</module>
		<module organisation="xmlenc" name="xmlenc">
			<revision name="0.52" status="release" pubdate="20061124075444" resolver="public" artresolver="public" homepage="http://xmlenc.sourceforge.net" downloaded="false" searched="false" default="false" conf="compile, master(*), runtime, compile(*), runtime(*), master" position="32">
				<license name="The BSD License" url="http://www.opensource.org/licenses/bsd-license.php"/>
				<metadata-artifact status="no" details="" size="2333" time="0" location="/home/kavin/.ivy2/cache/xmlenc/xmlenc/ivy-0.52.xml" searched="false" origin-is-local="false" origin-location="http://repo1.maven.org/maven2/xmlenc/xmlenc/0.52/xmlenc-0.52.pom"/>
				<caller organisation="org.apache.pig" name="pig" conf="default, compile, runtime, master" rev="0.52" rev-constraint-default="0.52" rev-constraint-dynamic="0.52" callerrev="0.8.0"/>
				<caller organisation="org.apache.hadoop" name="hadoop-core" conf="default, compile, runtime, master" rev="0.52" rev-constraint-default="0.52" rev-constraint-dynamic="0.52" callerrev="0.20.2"/>
				<artifacts>
					<artifact name="xmlenc" type="jar" ext="jar" status="no" details="" size="15010" time="0" location="/home/kavin/.ivy2/cache/xmlenc/xmlenc/jars/xmlenc-0.52.jar">
						<origin-location is-local="false" location="http://repo1.maven.org/maven2/xmlenc/xmlenc/0.52/xmlenc-0.52.jar"/>
					</artifact>
				</artifacts>
			</revision>
		</module>
		<module organisation="commons-cli" name="commons-cli">
			<revision name="1.2" status="release" pubdate="20090320013832" resolver="public" artresolver="public" homepage="http://commons.apache.org/cli/" downloaded="false" searched="false" default="false" conf="compile, master(*), runtime, compile(*), runtime(*), master" position="31">
				<metadata-artifact status="no" details="" size="4450" time="0" location="/home/kavin/.ivy2/cache/commons-cli/commons-cli/ivy-1.2.xml" searched="false" origin-is-local="false" origin-location="http://repo1.maven.org/maven2/commons-cli/commons-cli/1.2/commons-cli-1.2.pom"/>
				<caller organisation="org.apache.pig" name="pig" conf="default, compile, runtime, master" rev="1.2" rev-constraint-default="1.2" rev-constraint-dynamic="1.2" callerrev="0.8.0"/>
				<caller organisation="org.apache.hadoop" name="hadoop-core" conf="default, compile, runtime, master" rev="1.2" rev-constraint-default="1.2" rev-constraint-dynamic="1.2" callerrev="0.20.2"/>
				<artifacts>
					<artifact name="commons-cli" type="jar" ext="jar" status="no" details="" size="41123" time="0" location="/home/kavin/.ivy2/cache/commons-cli/commons-cli/jars/commons-cli-1.2.jar">
						<origin-location is-local="false" location="http://repo1.maven.org/maven2/commons-cli/commons-cli/1.2/commons-cli-1.2.jar"/>
					</artifact>
				</artifacts>
			</revision>
		</module>
		<module organisation="commons-lang" name="commons-lang">
			<revision name="2.5" status="release" pubdate="20100225065344" resolver="public" artresolver="public" homepage="http://commons.apache.org/lang/" downloaded="false" searched="false" default="false" conf="compile, master(*), runtime, compile(*), runtime(*), master" position="27">
				<metadata-artifact status="no" details="" size="5016" time="0" location="/home/kavin/.ivy2/cache/commons-lang/commons-lang/ivy-2.5.xml" searched="false" origin-is-local="false" origin-location="http://repo1.maven.org/maven2/commons-lang/commons-lang/2.5/commons-lang-2.5.pom"/>
				<caller organisation="org.apache.avro" name="avro" conf="default, compile, runtime, master" rev="2.5" rev-constraint-default="2.5" rev-constraint-dynamic="2.5" callerrev="1.4.0"/>
				<caller organisation="org.apache.velocity" name="velocity" conf="compile, runtime" rev="2.4" rev-constraint-default="2.4" rev-constraint-dynamic="2.4" callerrev="1.6.4"/>
				<caller organisation="org.apache.hadoop" name="avro" conf="compile, runtime" rev="2.5" rev-constraint-default="2.5" rev-constraint-dynamic="2.5" callerrev="1.3.2"/>
				<artifacts>
					<artifact name="commons-lang" type="jar" ext="jar" status="no" details="" size="279193" time="0" location="/home/kavin/.ivy2/cache/commons-lang/commons-lang/jars/commons-lang-2.5.jar">
						<origin-location is-local="false" location="http://repo1.maven.org/maven2/commons-lang/commons-lang/2.5/commons-lang-2.5.jar"/>
					</artifact>
				</artifacts>
			</revision>
			<revision name="2.4" evicted="latest-revision" evicted-reason="" downloaded="false" searched="false" conf="compile, master(*), runtime, compile(*), runtime(*), master" position="-1">
				<evicted-by rev="2.5"/>
				<caller organisation="org.apache.avro" name="avro" conf="default, compile, runtime, master" rev="2.5" rev-constraint-default="2.5" rev-constraint-dynamic="2.5" callerrev="1.4.0"/>
				<caller organisation="org.apache.velocity" name="velocity" conf="compile, runtime" rev="2.4" rev-constraint-default="2.4" rev-constraint-dynamic="2.4" callerrev="1.6.4"/>
				<artifacts>
				</artifacts>
			</revision>
		</module>
		<module organisation="org.apache.velocity" name="velocity">
			<revision name="1.6.4" status="release" pubdate="20100510232556" resolver="public" artresolver="public" homepage="http://velocity.apache.org/engine/releases/velocity-1.6.2/" downloaded="false" searched="false" default="false" conf="compile, master(*), runtime, compile(*), runtime(*), master" position="25">
				<metadata-artifact status="no" details="" size="4519" time="0" location="/home/kavin/.ivy2/cache/org.apache.velocity/velocity/ivy-1.6.4.xml" searched="false" origin-is-local="false" origin-location="http://repo1.maven.org/maven2/org/apache/velocity/velocity/1.6.4/velocity-1.6.4.pom"/>
				<caller organisation="org.apache.avro" name="avro" conf="default, compile, runtime, master" rev="1.6.4" rev-constraint-default="1.6.4" rev-constraint-dynamic="1.6.4" callerrev="1.4.0"/>
				<artifacts>
					<artifact name="velocity" type="jar" ext="jar" status="no" details="" size="421339" time="0" location="/home/kavin/.ivy2/cache/org.apache.velocity/velocity/jars/velocity-1.6.4.jar">
						<origin-location is-local="false" location="http://repo1.maven.org/maven2/org/apache/velocity/velocity/1.6.4/velocity-1.6.4.jar"/>
					</artifact>
				</artifacts>
			</revision>
		</module>
		<module organisation="commons-collections" name="commons-collections">
			<revision name="3.2.1" status="release" pubdate="20080415063924" resolver="public" artresolver="public" homepage="http://commons.apache.org/collections/" downloaded="false" searched="false" default="false" conf="compile, master(*), runtime, compile(*), runtime(*), master" position="26">
				<metadata-artifact status="no" details="" size="4584" time="0" location="/home/kavin/.ivy2/cache/commons-collections/commons-collections/ivy-3.2.1.xml" searched="false" origin-is-local="false" origin-location="http://repo1.maven.org/maven2/commons-collections/commons-collections/3.2.1/commons-collections-3.2.1.pom"/>
				<caller organisation="org.apache.velocity" name="velocity" conf="compile, runtime" rev="3.2.1" rev-constraint-default="3.2.1" rev-constraint-dynamic="3.2.1" callerrev="1.6.4"/>
				<artifacts>
					<artifact name="commons-collections" type="jar" ext="jar" status="no" details="" size="575389" time="0" location="/home/kavin/.ivy2/cache/commons-collections/commons-collections/jars/commons-collections-3.2.1.jar">
						<origin-location is-local="false" location="http://repo1.maven.org/maven2/commons-collections/commons-collections/3.2.1/commons-collections-3.2.1.jar"/>
					</artifact>
				</artifacts>
			</revision>
		</module>
		<module organisation="org.mortbay.jetty" name="jetty">
			<revision name="6.1.22" status="release" pubdate="20091117095810" resolver="public" artresolver="public" homepage="" downloaded="false" searched="false" default="false" conf="compile, master(*), runtime, compile(*), runtime(*), master" position="22">
				<metadata-artifact status="no" details="" size="7106" time="0" location="/home/kavin/.ivy2/cache/org.mortbay.jetty/jetty/ivy-6.1.22.xml" searched="false" origin-is-local="false" origin-location="http://repo1.maven.org/maven2/org/mortbay/jetty/jetty/6.1.22/jetty-6.1.22.pom"/>
				<caller organisation="org.apache.avro" name="avro" conf="default, compile, runtime, master" rev="6.1.22" rev-constraint-default="6.1.22" rev-constraint-dynamic="6.1.22" callerrev="1.4.0"/>
				<caller organisation="org.apache.pig" name="pig" conf="default, compile, runtime, master" rev="6.1.14" rev-constraint-default="6.1.14" rev-constraint-dynamic="6.1.14" callerrev="0.8.0"/>
				<caller organisation="org.apache.hadoop" name="hadoop-core" conf="default, compile, runtime, master" rev="6.1.14" rev-constraint-default="6.1.14" rev-constraint-dynamic="6.1.14" callerrev="0.20.2"/>
				<artifacts>
					<artifact name="jetty" type="jar" ext="jar" status="no" details="" size="536866" time="0" location="/home/kavin/.ivy2/cache/org.mortbay.jetty/jetty/jars/jetty-6.1.22.jar">
						<origin-location is-local="false" location="http://repo1.maven.org/maven2/org/mortbay/jetty/jetty/6.1.22/jetty-6.1.22.jar"/>
					</artifact>
				</artifacts>
			</revision>
			<revision name="6.1.14" evicted="latest-revision" evicted-reason="" downloaded="false" searched="false" conf="compile, master(*), runtime, compile(*), runtime(*), master" position="-1">
				<evicted-by rev="6.1.22"/>
				<caller organisation="org.apache.pig" name="pig" conf="default, compile, runtime, master" rev="6.1.14" rev-constraint-default="6.1.14" rev-constraint-dynamic="6.1.14" callerrev="0.8.0"/>
				<caller organisation="org.apache.hadoop" name="hadoop-core" conf="default, compile, runtime, master" rev="6.1.14" rev-constraint-default="6.1.14" rev-constraint-dynamic="6.1.14" callerrev="0.20.2"/>
				<artifacts>
				</artifacts>
			</revision>
		</module>
		<module organisation="org.mortbay.jetty" name="jetty-util">
			<revision name="6.1.22" status="release" pubdate="20091117095556" resolver="public" artresolver="public" homepage="" downloaded="false" searched="false" default="false" conf="compile, master(*), runtime, compile(*), runtime(*), master" position="23">
				<metadata-artifact status="no" details="" size="7043" time="0" location="/home/kavin/.ivy2/cache/org.mortbay.jetty/jetty-util/ivy-6.1.22.xml" searched="false" origin-is-local="false" origin-location="http://repo1.maven.org/maven2/org/mortbay/jetty/jetty-util/6.1.22/jetty-util-6.1.22.pom"/>
				<caller organisation="org.mortbay.jetty" name="jetty" conf="compile, runtime" rev="6.1.22" rev-constraint-default="6.1.22" rev-constraint-dynamic="6.1.22" callerrev="6.1.22"/>
				<caller organisation="org.apache.pig" name="pig" conf="default, compile, runtime, master" rev="6.1.14" rev-constraint-default="6.1.14" rev-constraint-dynamic="6.1.14" callerrev="0.8.0"/>
				<caller organisation="org.apache.hadoop" name="hadoop-core" conf="default, compile, runtime, master" rev="6.1.14" rev-constraint-default="6.1.14" rev-constraint-dynamic="6.1.14" callerrev="0.20.2"/>
				<artifacts>
					<artifact name="jetty-util" type="jar" ext="jar" status="no" details="" size="176973" time="0" location="/home/kavin/.ivy2/cache/org.mortbay.jetty/jetty-util/jars/jetty-util-6.1.22.jar">
						<origin-location is-local="false" location="http://repo1.maven.org/maven2/org/mortbay/jetty/jetty-util/6.1.22/jetty-util-6.1.22.jar"/>
					</artifact>
				</artifacts>
			</revision>
			<revision name="6.1.14" evicted="latest-revision" evicted-reason="" downloaded="false" searched="false" conf="compile, master(*), runtime, compile(*), runtime(*), master" position="-1">
				<evicted-by rev="6.1.22"/>
				<caller organisation="org.apache.pig" name="pig" conf="default, compile, runtime, master" rev="6.1.14" rev-constraint-default="6.1.14" rev-constraint-dynamic="6.1.14" callerrev="0.8.0"/>
				<caller organisation="org.apache.hadoop" name="hadoop-core" conf="default, compile, runtime, master" rev="6.1.14" rev-constraint-default="6.1.14" rev-constraint-dynamic="6.1.14" callerrev="0.20.2"/>
				<artifacts>
				</artifacts>
			</revision>
		</module>
		<module organisation="org.mortbay.jetty" name="servlet-api">
			<revision name="2.5-20081211" status="release" pubdate="20081211230400" resolver="public" artresolver="public" homepage="" downloaded="false" searched="false" default="false" conf="compile, master(*), runtime, compile(*), runtime(*), master" position="24">
				<metadata-artifact status="no" details="" size="2759" time="0" location="/home/kavin/.ivy2/cache/org.mortbay.jetty/servlet-api/ivy-2.5-20081211.xml" searched="false" origin-is-local="false" origin-location="http://repo1.maven.org/maven2/org/mortbay/jetty/servlet-api/2.5-20081211/servlet-api-2.5-20081211.pom"/>
				<caller organisation="org.mortbay.jetty" name="jetty" conf="compile, runtime" rev="2.5-20081211" rev-constraint-default="2.5-20081211" rev-constraint-dynamic="2.5-20081211" callerrev="6.1.22"/>
				<artifacts>
					<artifact name="servlet-api" type="jar" ext="jar" status="no" details="" size="134133" time="0" location="/home/kavin/.ivy2/cache/org.mortbay.jetty/servlet-api/jars/servlet-api-2.5-20081211.jar">
						<origin-location is-local="false" location="http://repo1.maven.org/maven2/org/mortbay/jetty/servlet-api/2.5-20081211/servlet-api-2.5-20081211.jar"/>
					</artifact>
				</artifacts>
			</revision>
		</module>
		<module organisation="com.thoughtworks.paranamer" name="paranamer-ant">
			<revision name="2.2" status="release" pubdate="20100102171347" resolver="public" artresolver="public" homepage="" downloaded="false" searched="false" default="false" conf="compile, master(*), runtime, compile(*), runtime(*), master" position="16">
				<metadata-artifact status="no" details="" size="3826" time="0" location="/home/kavin/.ivy2/cache/com.thoughtworks.paranamer/paranamer-ant/ivy-2.2.xml" searched="false" origin-is-local="false" origin-location="http://repo1.maven.org/maven2/com/thoughtworks/paranamer/paranamer-ant/2.2/paranamer-ant-2.2.pom"/>
				<caller organisation="org.apache.avro" name="avro" conf="default, compile, runtime, master" rev="2.2" rev-constraint-default="2.2" rev-constraint-dynamic="2.2" callerrev="1.4.0"/>
				<caller organisation="org.apache.hadoop" name="avro" conf="compile, runtime" rev="2.2" rev-constraint-default="2.2" rev-constraint-dynamic="2.2" callerrev="1.3.2"/>
				<artifacts>
					<artifact name="paranamer-ant" type="jar" ext="jar" status="no" details="" size="5420" time="0" location="/home/kavin/.ivy2/cache/com.thoughtworks.paranamer/paranamer-ant/jars/paranamer-ant-2.2.jar">
						<origin-location is-local="false" location="http://repo1.maven.org/maven2/com/thoughtworks/paranamer/paranamer-ant/2.2/paranamer-ant-2.2.jar"/>
					</artifact>
				</artifacts>
			</revision>
		</module>
		<module organisation="org.apache.ant" name="ant">
			<revision name="1.7.1" status="release" pubdate="20080710013458" resolver="public" artresolver="public" homepage="" downloaded="false" searched="false" default="false" conf="compile, master(*), runtime, compile(*), runtime(*), master" position="20">
				<metadata-artifact status="no" details="" size="3001" time="0" location="/home/kavin/.ivy2/cache/org.apache.ant/ant/ivy-1.7.1.xml" searched="false" origin-is-local="false" origin-location="http://repo1.maven.org/maven2/org/apache/ant/ant/1.7.1/ant-1.7.1.pom"/>
				<caller organisation="com.thoughtworks.paranamer" name="paranamer-ant" conf="compile, runtime" rev="1.7.1" rev-constraint-default="1.7.1" rev-constraint-dynamic="1.7.1" callerrev="2.2"/>
				<artifacts>
					<artifact name="ant" type="jar" ext="jar" status="no" details="" size="1323005" time="0" location="/home/kavin/.ivy2/cache/org.apache.ant/ant/jars/ant-1.7.1.jar">
						<origin-location is-local="false" location="http://repo1.maven.org/maven2/org/apache/ant/ant/1.7.1/ant-1.7.1.jar"/>
					</artifact>
				</artifacts>
			</revision>
		</module>
		<module organisation="org.apache.ant" name="ant-launcher">
			<revision name="1.7.1" status="release" pubdate="20080710013458" resolver="public" artresolver="public" homepage="" downloaded="false" searched="false" default="false" conf="compile, master(*), runtime, compile(*), runtime(*), master" position="21">
				<metadata-artifact status="no" details="" size="2423" time="0" location="/home/kavin/.ivy2/cache/org.apache.ant/ant-launcher/ivy-1.7.1.xml" searched="false" origin-is-local="false" origin-location="http://repo1.maven.org/maven2/org/apache/ant/ant-launcher/1.7.1/ant-launcher-1.7.1.pom"/>
				<caller organisation="org.apache.ant" name="ant" conf="compile, runtime" rev="1.7.1" rev-constraint-default="1.7.1" rev-constraint-dynamic="1.7.1" callerrev="1.7.1"/>
				<artifacts>
					<artifact name="ant-launcher" type="jar" ext="jar" status="no" details="" size="12143" time="0" location="/home/kavin/.ivy2/cache/org.apache.ant/ant-launcher/jars/ant-launcher-1.7.1.jar">
						<origin-location is-local="false" location="http://repo1.maven.org/maven2/org/apache/ant/ant-launcher/1.7.1/ant-launcher-1.7.1.jar"/>
					</artifact>
				</artifacts>
			</revision>
		</module>
		<module organisation="com.thoughtworks.paranamer" name="paranamer-generator">
			<revision name="2.2" status="release" pubdate="20100102171235" resolver="public" artresolver="public" homepage="" downloaded="false" searched="false" default="false" conf="compile, master(*), runtime, compile(*), runtime(*), master" position="17">
				<metadata-artifact status="no" details="" size="3808" time="0" location="/home/kavin/.ivy2/cache/com.thoughtworks.paranamer/paranamer-generator/ivy-2.2.xml" searched="false" origin-is-local="false" origin-location="http://repo1.maven.org/maven2/com/thoughtworks/paranamer/paranamer-generator/2.2/paranamer-generator-2.2.pom"/>
				<caller organisation="com.thoughtworks.paranamer" name="paranamer-ant" conf="compile, runtime" rev="2.2" rev-constraint-default="2.2" rev-constraint-dynamic="2.2" callerrev="2.2"/>
				<artifacts>
					<artifact name="paranamer-generator" type="jar" ext="jar" status="no" details="" size="6931" time="0" location="/home/kavin/.ivy2/cache/com.thoughtworks.paranamer/paranamer-generator/jars/paranamer-generator-2.2.jar">
						<origin-location is-local="false" location="http://repo1.maven.org/maven2/com/thoughtworks/paranamer/paranamer-generator/2.2/paranamer-generator-2.2.jar"/>
					</artifact>
				</artifacts>
			</revision>
		</module>
		<module organisation="asm" name="asm">
			<revision name="3.2" status="release" pubdate="20090707093802" resolver="public" artresolver="public" homepage="" downloaded="false" searched="false" default="false" conf="compile, master(*), runtime, compile(*), runtime(*), master" position="19">
				<metadata-artifact status="no" details="" size="2800" time="0" location="/home/kavin/.ivy2/cache/asm/asm/ivy-3.2.xml" searched="false" origin-is-local="false" origin-location="http://repo1.maven.org/maven2/asm/asm/3.2/asm-3.2.pom"/>
				<caller organisation="com.thoughtworks.paranamer" name="paranamer-generator" conf="compile, runtime" rev="3.2" rev-constraint-default="3.2" rev-constraint-dynamic="3.2" callerrev="2.2"/>
				<artifacts>
					<artifact name="asm" type="jar" ext="jar" status="no" details="" size="43398" time="0" location="/home/kavin/.ivy2/cache/asm/asm/jars/asm-3.2.jar">
						<origin-location is-local="false" location="http://repo1.maven.org/maven2/asm/asm/3.2/asm-3.2.jar"/>
					</artifact>
				</artifacts>
			</revision>
		</module>
		<module organisation="com.thoughtworks.qdox" name="qdox">
			<revision name="1.10.1" status="release" pubdate="20091231220844" resolver="public" artresolver="public" homepage="http://qdox.codehaus.org" downloaded="false" searched="false" default="false" conf="compile, master(*), runtime, compile(*), runtime(*), master" position="18">
				<license name="The Apache Software License, Version 2.0" url="http://www.apache.org/licenses/LICENSE-2.0.txt"/>
				<metadata-artifact status="no" details="" size="3746" time="0" location="/home/kavin/.ivy2/cache/com.thoughtworks.qdox/qdox/ivy-1.10.1.xml" searched="false" origin-is-local="false" origin-location="http://repo1.maven.org/maven2/com/thoughtworks/qdox/qdox/1.10.1/qdox-1.10.1.pom"/>
				<caller organisation="com.thoughtworks.paranamer" name="paranamer-generator" conf="compile, runtime" rev="1.10.1" rev-constraint-default="1.10.1" rev-constraint-dynamic="1.10.1" callerrev="2.2"/>
				<artifacts>
					<artifact name="qdox" type="jar" ext="jar" status="no" details="" size="173236" time="0" location="/home/kavin/.ivy2/cache/com.thoughtworks.qdox/qdox/jars/qdox-1.10.1.jar">
						<origin-location is-local="false" location="http://repo1.maven.org/maven2/com/thoughtworks/qdox/qdox/1.10.1/qdox-1.10.1.jar"/>
					</artifact>
				</artifacts>
			</revision>
		</module>
		<module organisation="com.thoughtworks.paranamer" name="paranamer">
			<revision name="2.2" status="release" pubdate="20100102171326" resolver="public" artresolver="public" homepage="" downloaded="false" searched="false" default="false" conf="compile, master(*), runtime, compile(*), runtime(*), master" position="15">
				<metadata-artifact status="no" details="" size="3881" time="0" location="/home/kavin/.ivy2/cache/com.thoughtworks.paranamer/paranamer/ivy-2.2.xml" searched="false" origin-is-local="false" origin-location="http://repo1.maven.org/maven2/com/thoughtworks/paranamer/paranamer/2.2/paranamer-2.2.pom"/>
				<caller organisation="org.apache.avro" name="avro" conf="default, compile, runtime, master" rev="2.2" rev-constraint-default="2.2" rev-constraint-dynamic="2.2" callerrev="1.4.0"/>
				<caller organisation="org.apache.hadoop" name="avro" conf="compile, runtime" rev="2.2" rev-constraint-default="2.2" rev-constraint-dynamic="2.2" callerrev="1.3.2"/>
				<artifacts>
					<artifact name="paranamer" type="jar" ext="jar" status="no" details="" size="29392" time="0" location="/home/kavin/.ivy2/cache/com.thoughtworks.paranamer/paranamer/jars/paranamer-2.2.jar">
						<origin-location is-local="false" location="http://repo1.maven.org/maven2/com/thoughtworks/paranamer/paranamer/2.2/paranamer-2.2.jar"/>
					</artifact>
				</artifacts>
			</revision>
		</module>
		<module organisation="org.apache.kafka" name="kafka_2.8.0">
			<revision name="0.8.0-beta1" status="integration" pubdate="20140305174938" resolver="inter-project" artresolver="inter-project" downloaded="false" searched="false" default="false" conf="default(compile), compile" position="1">
				<metadata-artifact status="failed" details="" size="0" time="0" searched="false"/>
				<caller organisation="org.apache.kafka" name="hadoop-consumer" conf="test, compile, runtime" rev="0.8.0-beta1" rev-constraint-default="0.8.0-beta1" rev-constraint-dynamic="0.8.0-beta1" callerrev="0.8.0-beta1"/>
				<artifacts>
				</artifacts>
			</revision>
		</module>
		<module organisation="com.yammer.metrics" name="metrics-annotation">
			<revision name="2.2.0" status="release" pubdate="20121127014044" resolver="public" artresolver="public" homepage="" downloaded="false" searched="false" default="false" conf="default(compile), default, compile, runtime, master" position="11">
				<metadata-artifact status="no" details="" size="3993" time="0" location="/home/kavin/.ivy2/cache/com.yammer.metrics/metrics-annotation/ivy-2.2.0.xml" searched="false" origin-is-local="false" origin-location="http://repo1.maven.org/maven2/com/yammer/metrics/metrics-annotation/2.2.0/metrics-annotation-2.2.0.pom"/>
				<caller organisation="org.apache.kafka" name="kafka_2.8.0" conf="compile" rev="2.2.0" rev-constraint-default="2.2.0" rev-constraint-dynamic="2.2.0" callerrev="0.8.0-beta1"/>
				<artifacts>
					<artifact name="metrics-annotation" type="jar" ext="jar" status="no" details="" size="4229" time="0" location="/home/kavin/.ivy2/cache/com.yammer.metrics/metrics-annotation/jars/metrics-annotation-2.2.0.jar">
						<origin-location is-local="false" location="http://repo1.maven.org/maven2/com/yammer/metrics/metrics-annotation/2.2.0/metrics-annotation-2.2.0.jar"/>
					</artifact>
				</artifacts>
			</revision>
		</module>
		<module organisation="com.yammer.metrics" name="metrics-core">
			<revision name="2.2.0" status="release" pubdate="20121127014109" resolver="public" artresolver="public" homepage="" downloaded="false" searched="false" default="false" conf="default(compile), default, compile, runtime, master" position="9">
				<metadata-artifact status="no" details="" size="4064" time="0" location="/home/kavin/.ivy2/cache/com.yammer.metrics/metrics-core/ivy-2.2.0.xml" searched="false" origin-is-local="false" origin-location="http://repo1.maven.org/maven2/com/yammer/metrics/metrics-core/2.2.0/metrics-core-2.2.0.pom"/>
				<caller organisation="org.apache.kafka" name="kafka_2.8.0" conf="compile" rev="2.2.0" rev-constraint-default="2.2.0" rev-constraint-dynamic="2.2.0" callerrev="0.8.0-beta1"/>
				<artifacts>
					<artifact name="metrics-core" type="jar" ext="jar" status="no" details="" size="82123" time="0" location="/home/kavin/.ivy2/cache/com.yammer.metrics/metrics-core/jars/metrics-core-2.2.0.jar">
						<origin-location is-local="false" location="http://repo1.maven.org/maven2/com/yammer/metrics/metrics-core/2.2.0/metrics-core-2.2.0.jar"/>
					</artifact>
				</artifacts>
			</revision>
		</module>
		<module organisation="org.slf4j" name="slf4j-api">
			<revision name="1.7.2" status="release" pubdate="20121012002524" resolver="public" artresolver="public" homepage="http://www.slf4j.org" downloaded="false" searched="false" default="false" conf="compile, master(*), runtime, compile(*), runtime(*), master" position="10">
				<metadata-artifact status="no" details="" size="4469" time="0" location="/home/kavin/.ivy2/cache/org.slf4j/slf4j-api/ivy-1.7.2.xml" searched="false" origin-is-local="false" origin-location="http://repo1.maven.org/maven2/org/slf4j/slf4j-api/1.7.2/slf4j-api-1.7.2.pom"/>
				<caller organisation="org.apache.avro" name="avro" conf="default, compile, runtime, master" rev="1.5.11" rev-constraint-default="1.5.11" rev-constraint-dynamic="1.5.11" callerrev="1.4.0"/>
				<caller organisation="com.yammer.metrics" name="metrics-core" conf="default, compile, runtime, master" rev="1.7.2" rev-constraint-default="1.7.2" rev-constraint-dynamic="1.7.2" callerrev="2.2.0"/>
				<caller organisation="org.apache.hadoop" name="avro" conf="compile, runtime" rev="1.5.11" rev-constraint-default="1.5.11" rev-constraint-dynamic="1.5.11" callerrev="1.3.2"/>
				<caller organisation="org.slf4j" name="slf4j-simple" conf="default, compile, runtime, master" rev="1.6.4" rev-constraint-default="1.6.4" rev-constraint-dynamic="1.6.4" callerrev="1.6.4"/>
				<artifacts>
					<artifact name="slf4j-api" type="jar" ext="jar" status="no" details="" size="26083" time="0" location="/home/kavin/.ivy2/cache/org.slf4j/slf4j-api/jars/slf4j-api-1.7.2.jar">
						<origin-location is-local="false" location="http://repo1.maven.org/maven2/org/slf4j/slf4j-api/1.7.2/slf4j-api-1.7.2.jar"/>
					</artifact>
				</artifacts>
			</revision>
			<revision name="1.6.4" status="release" pubdate="20111101041538" resolver="public" artresolver="public" evicted="latest-revision" evicted-reason="" homepage="http://www.slf4j.org" downloaded="false" searched="false" default="false" conf="compile, master(*), runtime, compile(*), runtime(*), master" position="-1">
				<metadata-artifact status="no" details="" size="4338" time="0" location="/home/kavin/.ivy2/cache/org.slf4j/slf4j-api/ivy-1.6.4.xml" searched="false" origin-is-local="false" origin-location="http://repo1.maven.org/maven2/org/slf4j/slf4j-api/1.6.4/slf4j-api-1.6.4.pom"/>
				<evicted-by rev="1.7.2"/>
				<caller organisation="org.slf4j" name="slf4j-simple" conf="default, compile, runtime, master" rev="1.6.4" rev-constraint-default="1.6.4" rev-constraint-dynamic="1.6.4" callerrev="1.6.4"/>
				<artifacts>
				</artifacts>
			</revision>
			<revision name="1.5.11" evicted="latest-revision" evicted-reason="" downloaded="false" searched="false" conf="compile, master(*), runtime, compile(*), runtime(*), master" position="-1">
				<evicted-by rev="1.7.2"/>
				<caller organisation="org.apache.avro" name="avro" conf="default, compile, runtime, master" rev="1.5.11" rev-constraint-default="1.5.11" rev-constraint-dynamic="1.5.11" callerrev="1.4.0"/>
				<caller organisation="org.apache.hadoop" name="avro" conf="compile, runtime" rev="1.5.11" rev-constraint-default="1.5.11" rev-constraint-dynamic="1.5.11" callerrev="1.3.2"/>
				<artifacts>
				</artifacts>
			</revision>
		</module>
		<module organisation="org.xerial.snappy" name="snappy-java">
			<revision name="1.0.4.1" status="release" pubdate="20111005070507" resolver="public" artresolver="public" homepage="http://code.google.com/p/snappy-java/" downloaded="false" searched="false" default="false" conf="default(compile), default, compile, runtime, master" position="8">
				<license name="The Apache Software License, Version 2.0" url="http://www.apache.org/licenses/LICENSE-2.0.txt"/>
				<metadata-artifact status="no" details="" size="3387" time="0" location="/home/kavin/.ivy2/cache/org.xerial.snappy/snappy-java/ivy-1.0.4.1.xml" searched="false" origin-is-local="false" origin-location="http://repo1.maven.org/maven2/org/xerial/snappy/snappy-java/1.0.4.1/snappy-java-1.0.4.1.pom"/>
				<caller organisation="org.apache.kafka" name="kafka_2.8.0" conf="compile" rev="1.0.4.1" rev-constraint-default="1.0.4.1" rev-constraint-dynamic="1.0.4.1" callerrev="0.8.0-beta1"/>
				<artifacts>
					<artifact name="snappy-java" type="bundle" ext="jar" status="no" details="" size="995968" time="0" location="/home/kavin/.ivy2/cache/org.xerial.snappy/snappy-java/bundles/snappy-java-1.0.4.1.jar">
						<origin-location is-local="false" location="http://repo1.maven.org/maven2/org/xerial/snappy/snappy-java/1.0.4.1/snappy-java-1.0.4.1.jar"/>
					</artifact>
				</artifacts>
			</revision>
		</module>
		<module organisation="com.101tec" name="zkclient">
			<revision name="0.3" status="release" pubdate="20130529131028" resolver="public" artresolver="public" homepage="https://github.com/sgroschupf/zkclient" downloaded="false" searched="false" default="false" conf="default(compile), default, compile, runtime, master" position="7">
				<license name="The Apache Software License, Version 2.0" url="http://www.apache.org/licenses/LICENSE-2.0.txt"/>
				<metadata-artifact status="no" details="" size="3638" time="0" location="/home/kavin/.ivy2/cache/com.101tec/zkclient/ivy-0.3.xml" searched="false" origin-is-local="false" origin-location="http://repo1.maven.org/maven2/com/101tec/zkclient/0.3/zkclient-0.3.pom"/>
				<caller organisation="org.apache.kafka" name="kafka_2.8.0" conf="compile" rev="0.3" rev-constraint-default="0.3" rev-constraint-dynamic="0.3" callerrev="0.8.0-beta1"/>
				<artifacts>
					<artifact name="zkclient" type="jar" ext="jar" status="no" details="" size="64009" time="0" location="/home/kavin/.ivy2/cache/com.101tec/zkclient/jars/zkclient-0.3.jar">
						<origin-location is-local="false" location="http://repo1.maven.org/maven2/com/101tec/zkclient/0.3/zkclient-0.3.jar"/>
					</artifact>
				</artifacts>
			</revision>
		</module>
		<module organisation="org.scala-lang" name="scala-compiler">
			<revision name="2.8.0" status="release" pubdate="20100714214035" resolver="sbt-chain" artresolver="sbt-chain" homepage="http://www.scala-lang.org/" downloaded="false" searched="false" default="false" conf="default(compile), default, compile, runtime, master" position="6">
				<license name="BSD-like" url="http://www.scala-lang.org/downloads/license.html    "/>
				<metadata-artifact status="no" details="" size="2596" time="0" location="/home/kavin/.ivy2/cache/org.scala-lang/scala-compiler/ivy-2.8.0.xml" searched="false" origin-is-local="false" origin-location="http://repo1.maven.org/maven2/org/scala-lang/scala-compiler/2.8.0/scala-compiler-2.8.0.pom"/>
				<caller organisation="org.apache.kafka" name="kafka_2.8.0" conf="compile" rev="2.8.0" rev-constraint-default="2.8.0" rev-constraint-dynamic="2.8.0" callerrev="0.8.0-beta1"/>
				<artifacts>
				</artifacts>
			</revision>
		</module>
		<module organisation="org.slf4j" name="slf4j-simple">
			<revision name="1.6.4" status="release" pubdate="20111101041548" resolver="public" artresolver="public" homepage="http://www.slf4j.org" downloaded="false" searched="false" default="false" conf="default(compile), default, compile, runtime, master" position="5">
				<metadata-artifact status="no" details="" size="4376" time="0" location="/home/kavin/.ivy2/cache/org.slf4j/slf4j-simple/ivy-1.6.4.xml" searched="false" origin-is-local="false" origin-location="http://repo1.maven.org/maven2/org/slf4j/slf4j-simple/1.6.4/slf4j-simple-1.6.4.pom"/>
				<caller organisation="org.apache.kafka" name="hadoop-consumer" conf="test, compile, runtime" rev="1.6.4" rev-constraint-default="1.6.4" rev-constraint-dynamic="1.6.4" callerrev="0.8.0-beta1"/>
				<caller organisation="org.apache.kafka" name="kafka_2.8.0" conf="compile" rev="1.6.4" rev-constraint-default="1.6.4" rev-constraint-dynamic="1.6.4" callerrev="0.8.0-beta1"/>
				<artifacts>
					<artifact name="slf4j-simple" type="jar" ext="jar" status="no" details="" size="7662" time="0" location="/home/kavin/.ivy2/cache/org.slf4j/slf4j-simple/jars/slf4j-simple-1.6.4.jar">
						<origin-location is-local="false" location="http://repo1.maven.org/maven2/org/slf4j/slf4j-simple/1.6.4/slf4j-simple-1.6.4.jar"/>
					</artifact>
				</artifacts>
			</revision>
		</module>
		<module organisation="net.sf.jopt-simple" name="jopt-simple">
			<revision name="3.2" status="release" pubdate="20091208063746" resolver="public" artresolver="public" homepage="http://jopt-simple.sourceforge.net" downloaded="false" searched="false" default="false" conf="default(compile), default, compile, runtime, master" position="4">
				<license name="The MIT License" url="http://www.opensource.org/licenses/mit-license.php"/>
				<metadata-artifact status="no" details="" size="3341" time="0" location="/home/kavin/.ivy2/cache/net.sf.jopt-simple/jopt-simple/ivy-3.2.xml" searched="false" origin-is-local="false" origin-location="http://repo1.maven.org/maven2/net/sf/jopt-simple/jopt-simple/3.2/jopt-simple-3.2.pom"/>
				<caller organisation="org.apache.kafka" name="hadoop-consumer" conf="test, compile, runtime" rev="3.2" rev-constraint-default="3.2" rev-constraint-dynamic="3.2" callerrev="0.8.0-beta1"/>
				<caller organisation="org.apache.kafka" name="kafka_2.8.0" conf="compile" rev="3.2" rev-constraint-default="3.2" rev-constraint-dynamic="3.2" callerrev="0.8.0-beta1"/>
				<artifacts>
					<artifact name="jopt-simple" type="jar" ext="jar" status="no" details="" size="53244" time="0" location="/home/kavin/.ivy2/cache/net.sf.jopt-simple/jopt-simple/jars/jopt-simple-3.2.jar">
						<origin-location is-local="false" location="http://repo1.maven.org/maven2/net/sf/jopt-simple/jopt-simple/3.2/jopt-simple-3.2.jar"/>
					</artifact>
				</artifacts>
			</revision>
		</module>
		<module organisation="org.scala-lang" name="scala-library">
			<revision name="2.8.0" status="release" pubdate="20100714214007" resolver="sbt-chain" artresolver="sbt-chain" homepage="http://www.scala-lang.org/" downloaded="false" searched="false" default="false" conf="default(compile), default, compile, master(*), compile(*), runtime, runtime(*), master" position="2">
				<license name="BSD-like" url="http://www.scala-lang.org/downloads/license.html          "/>
				<metadata-artifact status="no" details="" size="2322" time="0" location="/home/kavin/.ivy2/cache/org.scala-lang/scala-library/ivy-2.8.0.xml" searched="false" origin-is-local="false" origin-location="http://repo1.maven.org/maven2/org/scala-lang/scala-library/2.8.0/scala-library-2.8.0.pom"/>
				<caller organisation="org.apache.kafka" name="hadoop-consumer" conf="test, compile, runtime" rev="2.8.0" rev-constraint-default="2.8.0" rev-constraint-dynamic="2.8.0" callerrev="0.8.0-beta1"/>
				<caller organisation="org.apache.kafka" name="kafka_2.8.0" conf="compile" rev="2.8.0" rev-constraint-default="2.8.0" rev-constraint-dynamic="2.8.0" callerrev="0.8.0-beta1"/>
				<caller organisation="org.scala-lang" name="scala-compiler" conf="default, compile, runtime, master" rev="2.8.0" rev-constraint-default="2.8.0" rev-constraint-dynamic="2.8.0" callerrev="2.8.0"/>
				<artifacts>
				</artifacts>
			</revision>
		</module>
		<module organisation="org.apache.zookeeper" name="zookeeper">
			<revision name="3.3.4" status="release" pubdate="20111129232744" resolver="public" artresolver="public" homepage="" downloaded="false" searched="false" default="false" conf="default(compile), default, compile, runtime, master, master(*), compile(*), runtime(*)" position="0">
				<metadata-artifact status="no" details="" size="3266" time="0" location="/home/kavin/.ivy2/cache/org.apache.zookeeper/zookeeper/ivy-3.3.4.xml" searched="false" origin-is-local="false" origin-location="http://repo1.maven.org/maven2/org/apache/zookeeper/zookeeper/3.3.4/zookeeper-3.3.4.pom"/>
				<caller organisation="org.apache.kafka" name="hadoop-consumer" conf="test, compile, runtime" rev="3.3.4" rev-constraint-default="3.3.4" rev-constraint-dynamic="3.3.4" callerrev="0.8.0-beta1"/>
				<caller organisation="org.apache.kafka" name="kafka_2.8.0" conf="compile" rev="3.3.4" rev-constraint-default="3.3.4" rev-constraint-dynamic="3.3.4" callerrev="0.8.0-beta1"/>
				<caller organisation="com.101tec" name="zkclient" conf="default, compile, runtime, master" rev="3.3.1" rev-constraint-default="3.3.1" rev-constraint-dynamic="3.3.1" callerrev="0.3"/>
				<artifacts>
					<artifact name="zookeeper" type="jar" ext="jar" status="no" details="" size="604182" time="0" location="/home/kavin/.ivy2/cache/org.apache.zookeeper/zookeeper/jars/zookeeper-3.3.4.jar">
						<origin-location is-local="false" location="http://repo1.maven.org/maven2/org/apache/zookeeper/zookeeper/3.3.4/zookeeper-3.3.4.jar"/>
					</artifact>
				</artifacts>
			</revision>
			<revision name="3.3.1" evicted="latest-revision" evicted-reason="" downloaded="false" searched="false" conf="compile, master(*), runtime, compile(*), runtime(*), master" position="-1">
				<evicted-by rev="3.3.4"/>
				<caller organisation="com.101tec" name="zkclient" conf="default, compile, runtime, master" rev="3.3.1" rev-constraint-default="3.3.1" rev-constraint-dynamic="3.3.1" callerrev="0.3"/>
				<artifacts>
				</artifacts>
			</revision>
		</module>
		<module organisation="junit" name="junit">
			<revision name="4.8.1" status="release" pubdate="20100225175158" resolver="public" artresolver="public" homepage="http://junit.org" downloaded="false" searched="false" default="false" conf="compile, master(*), runtime, compile(*), runtime(*), master" position="47">
				<license name="Common Public License Version 1.0" url="http://www.opensource.org/licenses/cpl1.0.txt"/>
				<metadata-artifact status="no" details="" size="2457" time="0" location="/home/kavin/.ivy2/cache/junit/junit/ivy-4.8.1.xml" searched="false" origin-is-local="false" origin-location="http://repo1.maven.org/maven2/junit/junit/4.8.1/junit-4.8.1.pom"/>
				<caller organisation="org.apache.pig" name="pig" conf="default, compile, runtime, master" rev="4.8.1" rev-constraint-default="4.8.1" rev-constraint-dynamic="4.8.1" callerrev="0.8.0"/>
				<caller organisation="org.apache.hadoop" name="hadoop-core" conf="default, compile, runtime, master" rev="4.5" rev-constraint-default="4.5" rev-constraint-dynamic="4.5" callerrev="0.20.2"/>
				<artifacts>
					<artifact name="junit" type="jar" ext="jar" status="no" details="" size="237047" time="0" location="/home/kavin/.ivy2/cache/junit/junit/jars/junit-4.8.1.jar">
						<origin-location is-local="false" location="http://repo1.maven.org/maven2/junit/junit/4.8.1/junit-4.8.1.jar"/>
					</artifact>
				</artifacts>
			</revision>
			<revision name="4.5" evicted="latest-revision" evicted-reason="" downloaded="false" searched="false" conf="compile, master(*), runtime, compile(*), runtime(*), master" position="-1">
				<evicted-by rev="4.8.1"/>
				<caller organisation="org.apache.hadoop" name="hadoop-core" conf="default, compile, runtime, master" rev="4.5" rev-constraint-default="4.5" rev-constraint-dynamic="4.5" callerrev="0.20.2"/>
				<artifacts>
				</artifacts>
			</revision>
		</module>
		<module organisation="log4j" name="log4j">
			<revision name="1.2.15" status="release" pubdate="20070830231116" resolver="public" artresolver="public" homepage="http://logging.apache.org:80/log4j/1.2/" downloaded="false" searched="false" default="false" conf="default(compile), default, compile, runtime, master, master(*), compile(*), runtime(*)" position="3">
				<license name="The Apache Software License, Version 2.0" url="http://www.apache.org/licenses/LICENSE-2.0.txt"/>
				<metadata-artifact status="no" details="" size="3525" time="0" location="/home/kavin/.ivy2/cache/log4j/log4j/ivy-1.2.15.xml" searched="false" origin-is-local="false" origin-location="http://repo1.maven.org/maven2/log4j/log4j/1.2.15/log4j-1.2.15.pom"/>
				<caller organisation="org.apache.kafka" name="hadoop-consumer" conf="test, compile, runtime" rev="1.2.15" rev-constraint-default="1.2.15" rev-constraint-dynamic="1.2.15" callerrev="0.8.0-beta1"/>
				<caller organisation="org.apache.kafka" name="kafka_2.8.0" conf="compile" rev="1.2.15" rev-constraint-default="1.2.15" rev-constraint-dynamic="1.2.15" callerrev="0.8.0-beta1"/>
				<caller organisation="com.101tec" name="zkclient" conf="default, compile, runtime, master" rev="1.2.14" rev-constraint-default="1.2.14" rev-constraint-dynamic="1.2.14" callerrev="0.3"/>
				<artifacts>
					<artifact name="log4j" type="jar" ext="jar" status="no" details="" size="391834" time="0" location="/home/kavin/.ivy2/cache/log4j/log4j/jars/log4j-1.2.15.jar">
						<origin-location is-local="false" location="http://repo1.maven.org/maven2/log4j/log4j/1.2.15/log4j-1.2.15.jar"/>
					</artifact>
				</artifacts>
			</revision>
			<revision name="1.2.14" evicted="latest-revision" evicted-reason="" downloaded="false" searched="false" conf="compile, master(*), runtime, compile(*), runtime(*), master" position="-1">
				<evicted-by rev="1.2.15"/>
				<caller organisation="com.101tec" name="zkclient" conf="default, compile, runtime, master" rev="1.2.14" rev-constraint-default="1.2.14" rev-constraint-dynamic="1.2.14" callerrev="0.3"/>
				<artifacts>
				</artifacts>
			</revision>
		</module>
		<module organisation="oro" name="oro">
			<revision name="2.0.8" status="release" pubdate="20051109035901" resolver="public" artresolver="public" homepage="" downloaded="false" searched="false" default="false" conf="compile, master(*), runtime, compile(*), runtime(*), master" position="28">
				<metadata-artifact status="no" details="" size="2170" time="0" location="/home/kavin/.ivy2/cache/oro/oro/ivy-2.0.8.xml" searched="false" origin-is-local="false" origin-location="http://repo1.maven.org/maven2/oro/oro/2.0.8/oro-2.0.8.pom"/>
				<caller organisation="org.apache.pig" name="pig" conf="default, compile, runtime, master" rev="2.0.8" rev-constraint-default="2.0.8" rev-constraint-dynamic="2.0.8" callerrev="0.8.0"/>
				<caller organisation="org.apache.velocity" name="velocity" conf="compile, runtime" rev="2.0.8" rev-constraint-default="2.0.8" rev-constraint-dynamic="2.0.8" callerrev="1.6.4"/>
				<caller organisation="org.apache.hadoop" name="hadoop-core" conf="default, compile, runtime, master" rev="2.0.8" rev-constraint-default="2.0.8" rev-constraint-dynamic="2.0.8" callerrev="0.20.2"/>
				<caller organisation="commons-net" name="commons-net" conf="compile, runtime" rev="2.0.8" rev-constraint-default="2.0.8" rev-constraint-dynamic="2.0.8" callerrev="1.4.1"/>
				<artifacts>
					<artifact name="oro" type="jar" ext="jar" status="no" details="" size="65261" time="0" location="/home/kavin/.ivy2/cache/oro/oro/jars/oro-2.0.8.jar">
						<origin-location is-local="false" location="http://repo1.maven.org/maven2/oro/oro/2.0.8/oro-2.0.8.jar"/>
					</artifact>
				</artifacts>
			</revision>
		</module>
	</dependencies>
</ivy-report>
