<?xml version="1.0" encoding="UTF-8"?>
<?xml-stylesheet type="text/xsl" href="ivy-report.xsl"?>
<ivy-report version="1.0">
	<info
		organisation="default"
		module="default-a50e4e"
		revision="0.1-SNAPSHOT"
		extra-sbtVersion="0.12"
		extra-scalaVersion="2.9.2"
		conf="test"
		confs="compile, runtime, test, provided, optional, compile-internal, runtime-internal, test-internal, plugin, sources, docs, pom"
		date="20140220183207"/>
	<dependencies>
		<module organisation="com.github.mpeltonen" name="sbt-idea">
			<revision name="1.2.0" status="release" pubdate="20121207164652" resolver="public" artresolver="public" homepage="http://your.project.url" extra-sbtVersion="0.12" extra-scalaVersion="2.9.2" downloaded="false" searched="false" default="false" conf="default(compile), default, compile, runtime, master" position="1">
				<license name="BSD-style" url="http://www.opensource.org/licenses/BSD-3-Clause"/>
				<metadata-artifact status="no" details="" size="2987" time="0" location="/home/kavin/.ivy2/cache/scala_2.9.2/sbt_0.12/com.github.mpeltonen/sbt-idea/ivy-1.2.0.xml" searched="false" origin-is-local="false" origin-location="http://repo1.maven.org/maven2/com/github/mpeltonen/sbt-idea_2.9.2_0.12/1.2.0/sbt-idea-1.2.0.pom"/>
				<caller organisation="default" name="default-a50e4e" conf="test, compile, runtime" rev="1.2.0" rev-constraint-default="1.2.0" rev-constraint-dynamic="1.2.0" callerrev="0.1-SNAPSHOT" extra-sbtVersion="0.12" extra-scalaVersion="2.9.2"/>
				<artifacts>
					<artifact name="sbt-idea" type="jar" ext="jar" status="no" details="" size="301921" time="0" location="/home/kavin/.ivy2/cache/scala_2.9.2/sbt_0.12/com.github.mpeltonen/sbt-idea/jars/sbt-idea-1.2.0.jar">
						<origin-location is-local="false" location="http://repo1.maven.org/maven2/com/github/mpeltonen/sbt-idea_2.9.2_0.12/1.2.0/sbt-idea-1.2.0.jar"/>
					</artifact>
				</artifacts>
			</revision>
		</module>
		<module organisation="commons-io" name="commons-io">
			<revision name="2.0.1" status="release" pubdate="20101226224931" resolver="public" artresolver="public" homepage="http://commons.apache.org/io/" downloaded="false" searched="false" default="false" conf="compile, master(*), runtime, compile(*), runtime(*), master" position="2">
				<metadata-artifact status="no" details="" size="6238" time="0" location="/home/kavin/.ivy2/cache/commons-io/commons-io/ivy-2.0.1.xml" searched="false" origin-is-local="false" origin-location="http://repo1.maven.org/maven2/commons-io/commons-io/2.0.1/commons-io-2.0.1.pom"/>
				<caller organisation="com.github.mpeltonen" name="sbt-idea" conf="default, compile, runtime, master" rev="2.0.1" rev-constraint-default="2.0.1" rev-constraint-dynamic="2.0.1" callerrev="1.2.0"/>
				<artifacts>
					<artifact name="commons-io" type="jar" ext="jar" status="no" details="" size="159509" time="0" location="/home/kavin/.ivy2/cache/commons-io/commons-io/jars/commons-io-2.0.1.jar">
						<origin-location is-local="false" location="http://repo1.maven.org/maven2/commons-io/commons-io/2.0.1/commons-io-2.0.1.jar"/>
					</artifact>
				</artifacts>
			</revision>
		</module>
		<module organisation="com.eed3si9n" name="sbt-assembly">
			<revision name="0.8.8" status="release" pubdate="20130406030121" resolver="sbt-plugin-releases" artresolver="sbt-plugin-releases" extra-sbtVersion="0.12" extra-scalaVersion="2.9.2" downloaded="false" searched="false" default="false" conf="default(compile), compile" position="0">
				<license name="MIT License" url="https://github.com/sbt/sbt-assembly/blob/master/LICENSE"/>
				<metadata-artifact status="no" details="" size="1934" time="0" location="/home/kavin/.ivy2/cache/scala_2.9.2/sbt_0.12/com.eed3si9n/sbt-assembly/ivy-0.8.8.xml" searched="false" origin-is-local="false" origin-location="http://scalasbt.artifactoryonline.com/scalasbt/sbt-plugin-releases/com.eed3si9n/sbt-assembly/scala_2.9.2/sbt_0.12/0.8.8/ivys/ivy.xml"/>
				<caller organisation="default" name="default-a50e4e" conf="test, compile, runtime" rev="0.8.8" rev-constraint-default="0.8.8" rev-constraint-dynamic="0.8.8" callerrev="0.1-SNAPSHOT" extra-sbtVersion="0.12" extra-scalaVersion="2.9.2"/>
				<artifacts>
					<artifact name="sbt-assembly" type="jar" ext="jar" status="no" details="" size="111825" time="0" location="/home/kavin/.ivy2/cache/scala_2.9.2/sbt_0.12/com.eed3si9n/sbt-assembly/jars/sbt-assembly-0.8.8.jar">
						<origin-location is-local="false" location="http://scalasbt.artifactoryonline.com/scalasbt/sbt-plugin-releases/com.eed3si9n/sbt-assembly/scala_2.9.2/sbt_0.12/0.8.8/jars/sbt-assembly.jar"/>
					</artifact>
				</artifacts>
			</revision>
		</module>
	</dependencies>
</ivy-report>
